[NX v22.5.3 Daemon Client] - 2026-02-28T23:29:57.641Z - [Client] Starting new daemon server in background
[NX v22.5.3 Daemon Client] - 2026-02-28T23:29:57.644Z - [Client] Waiting for server (max: 6000 attempts, 10ms interval)
[NX v22.5.3 Daemon Server] - 2026-02-28T23:29:57.765Z - New daemon starting from: /Users/eduardovalenciaduran/Documents/projects/waypo/node_modules/nx/src/daemon/server/server.js
[NX v22.5.3 Daemon Server] - 2026-02-28T23:29:57.766Z - New daemon __dirname: /Users/eduardovalenciaduran/Documents/projects/waypo/node_modules/nx/src/daemon/server
[NX v22.5.3 Daemon Server] - 2026-02-28T23:29:57.766Z - New daemon nxVersion: 22.5.3
[NX v22.5.3 Daemon Server] - 2026-02-28T23:29:57.766Z - New daemon getInstalledNxVersion(): 22.5.3
[NX v22.5.3 Daemon Server] - 2026-02-28T23:29:57.768Z - [Server] Starting outdated check interval (20ms)
[NX v22.5.3 Daemon Server] - 2026-02-28T23:29:57.768Z - Started listening on: /private/var/folders/hr/_t_lz35165g3lhqh6n25rm3m0000gn/T/3fb2da41682eff3b9672/d.sock
[NX v22.5.3 Daemon Server] - 2026-02-28T23:29:57.769Z - [WATCHER]: Subscribed to changes within: /Users/eduardovalenciaduran/Documents/projects/waypo (native)
[NX v22.5.3 Daemon Server] - 2026-02-28T23:29:57.769Z - [NX-CONSOLE]: Pulling latest Nx (latest) to check console status...
Fetching nx...
[NX v22.5.3 Daemon Client] - 2026-02-28T23:29:57.780Z - [Client] Server available after 12 attempts
[NX v22.5.3 Daemon Client] - 2026-02-28T23:29:57.780Z - [Client] Daemon server started, pid=86551
[NX v22.5.3 Daemon Client] - 2026-02-28T23:29:57.780Z - [Messenger] Setting up socket listeners
[NX v22.5.3 Daemon Client] - 2026-02-28T23:29:57.780Z - [Messenger] listen() complete
[NX v22.5.3 Daemon Client] - 2026-02-28T23:29:57.780Z - [Messenger] Sending message type: REQUEST_PROJECT_GRAPH
[NX v22.5.3 Daemon Client] - 2026-02-28T23:29:57.780Z - [Messenger] Message sent
[NX v22.5.3 Daemon Server] - 2026-02-28T23:29:57.864Z - [WATCHER]: Processing file changes in outputs
[NX v22.5.3 Daemon Server] - 2026-02-28T23:29:57.864Z - Established a connection. Number of open connections: 1
[NX v22.5.3 Daemon Server] - 2026-02-28T23:29:57.865Z - Established a connection. Number of open connections: 2
[NX v22.5.3 Daemon Server] - 2026-02-28T23:29:57.865Z - Closed a connection. Number of open connections: 1
[NX v22.5.3 Daemon Server] - 2026-02-28T23:29:57.866Z - Received raw message of length 32
[NX v22.5.3 Daemon Server] - 2026-02-28T23:29:57.866Z - Received json message of type REQUEST_PROJECT_GRAPH
[NX v22.5.3 Daemon Server] - 2026-02-28T23:29:57.866Z - [REQUEST]: Client Request for Project Graph Received
Time for 'plugin worker 86557 code loading' 5.619625000000001
Time for 'plugin worker 86555 code loading' 4.294457999999999
[NX v22.5.3 Daemon Server] - 2026-02-28T23:29:57.933Z - Time taken for 'start-plugin-worker:/Users/eduardovalenciaduran/Documents/projects/waypo/node_modules/nx/src/plugins/js' 64.70816699999997ms
[NX v22.5.3 Daemon Server] - 2026-02-28T23:29:57.933Z - Time taken for 'start-plugin-worker:/Users/eduardovalenciaduran/Documents/projects/waypo/node_modules/nx/src/plugins/project-json/build-nodes/project-json' 63.42683299999999ms
Time for 'plugin worker 86556 code loading' 11.033415999999999
Time for 'plugin worker 86554 code loading' 6.369709000000002
[NX v22.5.3 Daemon Server] - 2026-02-28T23:29:57.935Z - Time taken for 'start-plugin-worker:@nx/playwright/plugin' 63.55845900000003ms
[NX v22.5.3 Daemon Server] - 2026-02-28T23:29:57.947Z - Time taken for 'start-plugin-worker:@nx/eslint/plugin' 74.711084ms
Time for 'plugin worker 86558 code loading' 8.149999999999999
[NX v22.5.3 Daemon Server] - 2026-02-28T23:29:58.051Z - Time taken for 'Load Nx Plugin: /Users/eduardovalenciaduran/Documents/projects/waypo/node_modules/nx/src/plugins/project-json/build-nodes/project-json' 183.43904100000003ms
[NX v22.5.3 Daemon Server] - 2026-02-28T23:29:58.057Z - Time taken for 'Load Nx Plugin: /Users/eduardovalenciaduran/Documents/projects/waypo/node_modules/nx/src/plugins/js' 190.73829099999998ms
[NX v22.5.3 Daemon Server] - 2026-02-28T23:29:58.058Z - Time taken for 'loadDefaultNxPlugins' 191.42841699999997ms
[NX v22.5.3 Daemon Server] - 2026-02-28T23:29:58.118Z - Time taken for 'Load Nx Plugin: @nx/playwright/plugin' 250.34937500000004ms
[NX v22.5.3 Daemon Server] - 2026-02-28T23:29:58.124Z - [REQUEST]: Updated workspace context based on watched changes, recomputing project graph...
[NX v22.5.3 Daemon Server] - 2026-02-28T23:29:58.124Z - [REQUEST]: 
[NX v22.5.3 Daemon Server] - 2026-02-28T23:29:58.124Z - [REQUEST]: 
[NX v22.5.3 Daemon Server] - 2026-02-28T23:29:58.127Z - No files changed, but no in-memory cached project graph found. Recomputing it...
[NX v22.5.3 Daemon Server] - 2026-02-28T23:29:58.133Z - Time taken for 'loadSpecifiedNxPlugins' 256.613833ms
Time for 'nx/js/dependencies-and-lockfile:createNodes' 0.18991700000000833
[NX v22.5.3 Daemon Server] - 2026-02-28T23:29:58.135Z - Established a connection. Number of open connections: 2
[NX v22.5.3 Daemon Server] - 2026-02-28T23:29:58.135Z - Established a connection. Number of open connections: 3
[NX v22.5.3 Daemon Server] - 2026-02-28T23:29:58.135Z - Closed a connection. Number of open connections: 2
[NX v22.5.3 Daemon Server] - 2026-02-28T23:29:58.135Z - Established a connection. Number of open connections: 3
[NX v22.5.3 Daemon Server] - 2026-02-28T23:29:58.135Z - Closed a connection. Number of open connections: 2
[NX v22.5.3 Daemon Server] - 2026-02-28T23:29:58.135Z - Established a connection. Number of open connections: 3
[NX v22.5.3 Daemon Client] - 2026-02-28T23:29:58.135Z - [Messenger] Setting up socket listeners
[NX v22.5.3 Daemon Client] - 2026-02-28T23:29:58.135Z - [Messenger] listen() complete
[NX v22.5.3 Daemon Client] - 2026-02-28T23:29:58.136Z - [Messenger] Sending message type: HASH_GLOB
[NX v22.5.3 Daemon Client] - 2026-02-28T23:29:58.135Z - [Messenger] Setting up socket listeners
[NX v22.5.3 Daemon Client] - 2026-02-28T23:29:58.136Z - [Messenger] Message sent
[NX v22.5.3 Daemon Client] - 2026-02-28T23:29:58.136Z - [Messenger] listen() complete
[NX v22.5.3 Daemon Client] - 2026-02-28T23:29:58.136Z - [Messenger] Sending message type: GLOB
[NX v22.5.3 Daemon Client] - 2026-02-28T23:29:58.136Z - [Messenger] Message sent
Time for 'daemon-message-serialization-GLOB' 0.0459589999999821
Time for 'daemon-message-serialization-HASH_GLOB' 0.047250000000019554
[NX v22.5.3 Daemon Server] - 2026-02-28T23:29:58.145Z - Received raw message of length 73
[NX v22.5.3 Daemon Server] - 2026-02-28T23:29:58.145Z - Received json message of type GLOB
[NX v22.5.3 Daemon Server] - 2026-02-28T23:29:58.145Z - Serializing response for GLOB message in json mode
[NX v22.5.3 Daemon Server] - 2026-02-28T23:29:58.145Z - Responding to GLOB message
[NX v22.5.3 Daemon Server] - 2026-02-28T23:29:58.146Z - [REQUEST]: Responding to the client. handleGlob
[NX v22.5.3 Daemon Server] - 2026-02-28T23:29:58.146Z - Done responding to the client handleGlob
[NX v22.5.3 Daemon Server] - 2026-02-28T23:29:58.146Z - Handled json message GLOB. Handling time: 0. Response time: 1.
[NX v22.5.3 Daemon Server] - 2026-02-28T23:29:58.146Z - Received raw message of length 80
[NX v22.5.3 Daemon Server] - 2026-02-28T23:29:58.146Z - Received json message of type HASH_GLOB
[NX v22.5.3 Daemon Client] - 2026-02-28T23:29:58.146Z - [Messenger] Received message, length: 3588
[NX v22.5.3 Daemon Server] - 2026-02-28T23:29:58.146Z - Serializing response for HASH_GLOB message in json mode
[NX v22.5.3 Daemon Server] - 2026-02-28T23:29:58.146Z - Responding to HASH_GLOB message
[NX v22.5.3 Daemon Server] - 2026-02-28T23:29:58.146Z - [REQUEST]: Responding to the client. handleHashGlob
[NX v22.5.3 Daemon Server] - 2026-02-28T23:29:58.146Z - Done responding to the client handleHashGlob
[NX v22.5.3 Daemon Server] - 2026-02-28T23:29:58.146Z - Handled json message HASH_GLOB. Handling time: 0. Response time: 0.
[NX v22.5.3 Daemon Client] - 2026-02-28T23:29:58.146Z - [Messenger] Received message, length: 21
[NX v22.5.3 Daemon Client] - 2026-02-28T23:29:58.146Z - [Messenger] Sending message type: HASH_MULTI_GLOB
[NX v22.5.3 Daemon Client] - 2026-02-28T23:29:58.147Z - [Messenger] Message sent
[NX v22.5.3 Daemon Server] - 2026-02-28T23:29:58.147Z - Received raw message of length 889
[NX v22.5.3 Daemon Server] - 2026-02-28T23:29:58.147Z - Received json message of type HASH_MULTI_GLOB
[NX v22.5.3 Daemon Server] - 2026-02-28T23:29:58.148Z - Serializing response for HASH_GLOB message in json mode
[NX v22.5.3 Daemon Server] - 2026-02-28T23:29:58.148Z - Responding to HASH_GLOB message
[NX v22.5.3 Daemon Server] - 2026-02-28T23:29:58.148Z - [REQUEST]: Responding to the client. handleHashMultiGlob
[NX v22.5.3 Daemon Server] - 2026-02-28T23:29:58.148Z - Done responding to the client handleHashMultiGlob
[NX v22.5.3 Daemon Server] - 2026-02-28T23:29:58.148Z - Handled json message HASH_GLOB. Handling time: 1. Response time: 0.
Time for 'GLOB round trip' 9.786083999999988
Time for 'deserialize daemon response - GLOB' 0.03587500000000432
Time for 'daemon-message-serialization-HASH_MULTI_GLOB' 0.016041000000001304
[NX v22.5.3 Daemon Client] - 2026-02-28T23:29:58.148Z - [Messenger] Received message, length: 180
Time for 'HASH_MULTI_GLOB round trip' 1.6790830000000199
Time for 'deserialize daemon response - HASH_MULTI_GLOB' 0.008041000000019949
[NX v22.5.3 Daemon Client] - 2026-02-28T23:29:58.659Z - [Messenger] Sending message type: GET_FILES_IN_DIRECTORY
[NX v22.5.3 Daemon Client] - 2026-02-28T23:29:58.659Z - [Messenger] Message sent
[NX v22.5.3 Daemon Server] - 2026-02-28T23:29:58.659Z - Received raw message of length 68
[NX v22.5.3 Daemon Server] - 2026-02-28T23:29:58.659Z - Received json message of type GET_FILES_IN_DIRECTORY
[NX v22.5.3 Daemon Server] - 2026-02-28T23:29:58.659Z - Serializing response for GET_FILES_IN_DIRECTORY message in json mode
[NX v22.5.3 Daemon Server] - 2026-02-28T23:29:58.659Z - Responding to GET_FILES_IN_DIRECTORY message
[NX v22.5.3 Daemon Server] - 2026-02-28T23:29:58.659Z - [REQUEST]: Responding to the client. handleNxWorkspaceFiles
[NX v22.5.3 Daemon Server] - 2026-02-28T23:29:58.659Z - Done responding to the client handleNxWorkspaceFiles
[NX v22.5.3 Daemon Server] - 2026-02-28T23:29:58.659Z - Handled json message GET_FILES_IN_DIRECTORY. Handling time: 0. Response time: 0.
Time for 'HASH_GLOB round trip' 10.647166999999996
Time for 'deserialize daemon response - HASH_GLOB' 0.03429199999999355
Time for 'daemon-message-serialization-GET_FILES_IN_DIRECTORY' 0.013208999999960724
[NX v22.5.3 Daemon Client] - 2026-02-28T23:29:58.659Z - [Messenger] Received message, length: 46
[NX v22.5.3 Daemon Server] - 2026-02-28T23:29:58.682Z - Time taken for 'build-project-configs' 544.1599160000001ms
[NX v22.5.3 Daemon Server] - 2026-02-28T23:29:58.682Z - Closed a connection. Number of open connections: 2
[NX v22.5.3 Daemon Server] - 2026-02-28T23:29:58.687Z - Closed a connection. Number of open connections: 1
[NX v22.5.3 Daemon Server] - 2026-02-28T23:29:58.826Z - [SYNC]: collect registered sync generators
[NX v22.5.3 Daemon Server] - 2026-02-28T23:29:58.827Z - Wrote project graph cache to /Users/eduardovalenciaduran/Documents/projects/waypo/.nx/workspace-data/project-graph.json
[NX v22.5.3 Daemon Server] - 2026-02-28T23:29:58.827Z - Serializing response for REQUEST_PROJECT_GRAPH message in json mode
[NX v22.5.3 Daemon Server] - 2026-02-28T23:29:58.827Z - Responding to REQUEST_PROJECT_GRAPH message
[NX v22.5.3 Daemon Server] - 2026-02-28T23:29:58.827Z - [REQUEST]: Responding to the client. project-graph
[NX v22.5.3 Daemon Server] - 2026-02-28T23:29:58.827Z - Time taken for 'total for creating and serializing project graph' 960.890917ms
[NX v22.5.3 Daemon Server] - 2026-02-28T23:29:58.827Z - Done responding to the client project-graph
[NX v22.5.3 Daemon Server] - 2026-02-28T23:29:58.827Z - Handled json message REQUEST_PROJECT_GRAPH. Handling time: 961. Response time: 0.
[NX v22.5.3 Daemon Client] - 2026-02-28T23:29:58.827Z - [Messenger] Received message, length: 23585
[NX v22.5.3 Daemon Client] - 2026-02-28T23:29:58.829Z - [Messenger] Sending message type: PRE_TASKS_EXECUTION
[NX v22.5.3 Daemon Client] - 2026-02-28T23:29:58.829Z - [Messenger] Message sent
[NX v22.5.3 Daemon Server] - 2026-02-28T23:29:58.829Z - Received raw message of length 1435
[NX v22.5.3 Daemon Server] - 2026-02-28T23:29:58.829Z - Received json message of type PRE_TASKS_EXECUTION
[NX v22.5.3 Daemon Server] - 2026-02-28T23:29:58.829Z - Serializing response for PRE_TASKS_EXECUTION message in json mode
[NX v22.5.3 Daemon Server] - 2026-02-28T23:29:58.829Z - Responding to PRE_TASKS_EXECUTION message
[NX v22.5.3 Daemon Server] - 2026-02-28T23:29:58.830Z - [REQUEST]: Responding to the client. handleRunPreTasksExecution
[NX v22.5.3 Daemon Server] - 2026-02-28T23:29:58.830Z - Done responding to the client handleRunPreTasksExecution
[NX v22.5.3 Daemon Server] - 2026-02-28T23:29:58.830Z - Handled json message PRE_TASKS_EXECUTION. Handling time: 0. Response time: 1.
[NX v22.5.3 Daemon Server] - 2026-02-28T23:29:58.830Z - Time taken for 'preTasksExecution' 0.4070830000000569ms
[NX v22.5.3 Daemon Client] - 2026-02-28T23:29:58.830Z - [Messenger] Received message, length: 2
[NX v22.5.3 Daemon Client] - 2026-02-28T23:29:58.858Z - [Messenger] Sending message type: HASH_TASKS
[NX v22.5.3 Daemon Client] - 2026-02-28T23:29:58.858Z - [Messenger] Message sent
[NX v22.5.3 Daemon Server] - 2026-02-28T23:29:58.859Z - Received raw message of length 4930
[NX v22.5.3 Daemon Server] - 2026-02-28T23:29:58.859Z - Received json message of type HASH_TASKS
[NX v22.5.3 Daemon Server] - 2026-02-28T23:29:58.859Z - Reusing in-memory cached project graph because no files changed.
[NX v22.5.3 Daemon Server] - 2026-02-28T23:29:58.860Z - Wrote project graph cache to /Users/eduardovalenciaduran/Documents/projects/waypo/.nx/workspace-data/project-graph.json
DEBUG nx::native::tasks::hash_planner: get_plans_internal COMPLETED in 29.375µs - processed 1 tasks (setup: 2.917µs, parallel_planning: 25.166µs)
DEBUG nx::native::tasks::hashers::hash_workspace_files: Hashing workspace fileset with inputs: Adding "2811144596835727346" (".gitignore") to hash
DEBUG nx::native::tasks::hashers::hash_workspace_files: Hashing workspace fileset with inputs: Adding "9982766513010307014" ("nx.json") to hash
DEBUG nx::native::tasks::hashers::hash_workspace_files: Hashing workspace fileset with inputs: Hash Value: "7369522509984833588"
DEBUG nx::native::tasks::task_hasher: hash_plans COMPLETED in 649.125µs - processed 1 plans (setup: 8.583µs, hashing: 639.583µs, assembly: 36.875µs)
[NX v22.5.3 Daemon Server] - 2026-02-28T23:29:58.862Z - Serializing response for HASH_TASKS message in json mode
[NX v22.5.3 Daemon Server] - 2026-02-28T23:29:58.862Z - Responding to HASH_TASKS message
[NX v22.5.3 Daemon Server] - 2026-02-28T23:29:58.862Z - [REQUEST]: Responding to the client. handleHashTasks
[NX v22.5.3 Daemon Server] - 2026-02-28T23:29:58.862Z - Done responding to the client handleHashTasks
[NX v22.5.3 Daemon Server] - 2026-02-28T23:29:58.862Z - Handled json message HASH_TASKS. Handling time: 3. Response time: 0.
[NX v22.5.3 Daemon Server] - 2026-02-28T23:29:58.862Z - Time taken for 'write cache' 0.977292000000034ms
[NX v22.5.3 Daemon Client] - 2026-02-28T23:29:58.862Z - [Messenger] Received message, length: 4888
[NX v22.5.3 Daemon Client] - 2026-02-28T23:29:58.932Z - [Messenger] Sending message type: GET_ESTIMATED_TASK_TIMINGS
[NX v22.5.3 Daemon Client] - 2026-02-28T23:29:58.932Z - [Messenger] Message sent
[NX v22.5.3 Daemon Server] - 2026-02-28T23:29:58.933Z - Received raw message of length 93
[NX v22.5.3 Daemon Server] - 2026-02-28T23:29:58.933Z - Received json message of type GET_ESTIMATED_TASK_TIMINGS
[NX v22.5.3 Daemon Server] - 2026-02-28T23:29:58.949Z - Serializing response for GET_ESTIMATED_TASK_TIMINGS message in json mode
[NX v22.5.3 Daemon Server] - 2026-02-28T23:29:58.949Z - Responding to GET_ESTIMATED_TASK_TIMINGS message
[NX v22.5.3 Daemon Server] - 2026-02-28T23:29:58.949Z - [REQUEST]: Responding to the client. handleGetEstimatedTaskTimings
[NX v22.5.3 Daemon Server] - 2026-02-28T23:29:58.949Z - Done responding to the client handleGetEstimatedTaskTimings
[NX v22.5.3 Daemon Server] - 2026-02-28T23:29:58.949Z - Handled json message GET_ESTIMATED_TASK_TIMINGS. Handling time: 16. Response time: 0.
[NX v22.5.3 Daemon Client] - 2026-02-28T23:29:58.950Z - [Messenger] Received message, length: 2
[NX v22.5.3 Daemon Server] - 2026-02-28T23:29:59.542Z - Established a connection. Number of open connections: 2
[NX v22.5.3 Daemon Server] - 2026-02-28T23:29:59.542Z - Closed a connection. Number of open connections: 1
[NX v22.5.3 Daemon Server] - 2026-02-28T23:29:59.542Z - Established a connection. Number of open connections: 2
[NX v22.5.3 Daemon Client] - 2026-02-28T23:29:59.542Z - [Messenger] Setting up socket listeners
[NX v22.5.3 Daemon Client] - 2026-02-28T23:29:59.543Z - [Messenger] listen() complete
[NX v22.5.3 Daemon Client] - 2026-02-28T23:29:59.543Z - [Messenger] Sending message type: REQUEST_PROJECT_GRAPH
[NX v22.5.3 Daemon Client] - 2026-02-28T23:29:59.543Z - [Messenger] Message sent
[NX v22.5.3 Daemon Server] - 2026-02-28T23:29:59.550Z - Received raw message of length 32
[NX v22.5.3 Daemon Server] - 2026-02-28T23:29:59.550Z - Received json message of type REQUEST_PROJECT_GRAPH
[NX v22.5.3 Daemon Server] - 2026-02-28T23:29:59.550Z - [REQUEST]: Client Request for Project Graph Received
[NX v22.5.3 Daemon Server] - 2026-02-28T23:29:59.550Z - Reusing in-memory cached project graph because no files changed.
[NX v22.5.3 Daemon Server] - 2026-02-28T23:29:59.551Z - Wrote project graph cache to /Users/eduardovalenciaduran/Documents/projects/waypo/.nx/workspace-data/project-graph.json
[NX v22.5.3 Daemon Server] - 2026-02-28T23:29:59.551Z - Serializing response for REQUEST_PROJECT_GRAPH message in json mode
[NX v22.5.3 Daemon Server] - 2026-02-28T23:29:59.551Z - Responding to REQUEST_PROJECT_GRAPH message
[NX v22.5.3 Daemon Server] - 2026-02-28T23:29:59.551Z - [REQUEST]: Responding to the client. project-graph
[NX v22.5.3 Daemon Server] - 2026-02-28T23:29:59.551Z - Time taken for 'total for creating and serializing project graph' 1.0862500000000637ms
[NX v22.5.3 Daemon Server] - 2026-02-28T23:29:59.551Z - Done responding to the client project-graph
[NX v22.5.3 Daemon Client] - 2026-02-28T23:29:59.551Z - [Messenger] Received message, length: 23585
[NX v22.5.3 Daemon Server] - 2026-02-28T23:29:59.551Z - Handled json message REQUEST_PROJECT_GRAPH. Handling time: 1. Response time: 0.
[NX v22.5.3 Daemon Server] - 2026-02-28T23:30:01.307Z - [WATCHER]: Processing file changes in outputs
[NX v22.5.3 Daemon Server] - 2026-02-28T23:30:04.373Z - [NX-CONSOLE]: Successfully pulled latest Nx to /private/var/folders/hr/_t_lz35165g3lhqh6n25rm3m0000gn/T/tmp-86551-EQq6FwasChsr
[NX v22.5.3 Daemon Server] - 2026-02-28T23:30:04.425Z - [NX-CONSOLE]: Using local implementation (NX_USE_LOCAL=true or inner call)
DEBUG nx::native::ide::preferences: Loaded console preferences: NxConsolePreferences { auto_install_console: Some(false), path: "/Users/eduardovalenciaduran/.config/nx/ide.json" }
DEBUG nx::native::ide::install: Detected editor: VSCode
DEBUG nx::native::ide::install: Checking if Nx Console extension is installed with: code --list-extensions
DEBUG nx::native::ide::install: Command 'code' not found, cannot check extension status
[NX v22.5.3 Daemon Server] - 2026-02-28T23:30:04.427Z - [NX-CONSOLE]: Console status check completed, shouldPrompt: false
[NX v22.5.3 Daemon Server] - 2026-02-28T23:30:20.063Z - [WATCHER]: apps/mobile-travel/src/app/features/tourism-map/containers/tourism-map-page.container.ts was modified
[NX v22.5.3 Daemon Server] - 2026-02-28T23:30:20.064Z - [SYNC]: clearing sync generators cache due to file changes
[NX v22.5.3 Daemon Server] - 2026-02-28T23:30:20.064Z - [WATCHER]: Processing file changes in outputs
[NX v22.5.3 Daemon Server] - 2026-02-28T23:30:20.165Z - [REQUEST]: Updated workspace context based on watched changes, recomputing project graph...
[NX v22.5.3 Daemon Server] - 2026-02-28T23:30:20.166Z - [REQUEST]: apps/mobile-travel/src/app/features/tourism-map/containers/tourism-map-page.container.ts
[NX v22.5.3 Daemon Server] - 2026-02-28T23:30:20.166Z - [REQUEST]: 
[NX v22.5.3 Daemon Server] - 2026-02-28T23:30:20.172Z - Time taken for 'hash changed files from watcher' 0.13620799999989686ms
Time for 'plugin worker 86632 code loading' 4.437125
Time for 'plugin worker 86631 code loading' 5.322208000000002
[NX v22.5.3 Daemon Server] - 2026-02-28T23:30:20.229Z - Time taken for 'start-plugin-worker:@nx/playwright/plugin' 62.62195799999972ms
Time for 'plugin worker 86634 code loading' 6.063707999999998
[NX v22.5.3 Daemon Server] - 2026-02-28T23:30:20.231Z - Time taken for 'start-plugin-worker:@nx/eslint/plugin' 61.690207999999984ms
[NX v22.5.3 Daemon Server] - 2026-02-28T23:30:20.233Z - Time taken for 'start-plugin-worker:nx/core/package-json' 61.93620799999917ms
Time for 'plugin worker 86633 code loading' 5.35675
Time for 'plugin worker 86635 code loading' 5.023583
[NX v22.5.3 Daemon Server] - 2026-02-28T23:30:20.243Z - Time taken for 'start-plugin-worker:nx/js/dependencies-and-lockfile' 73.20033400000102ms
Time for 'nx/js/dependencies-and-lockfile:createNodes' 0.45129099999996924
[NX v22.5.3 Daemon Server] - 2026-02-28T23:30:20.527Z - Established a connection. Number of open connections: 3
[NX v22.5.3 Daemon Server] - 2026-02-28T23:30:20.528Z - Established a connection. Number of open connections: 4
[NX v22.5.3 Daemon Server] - 2026-02-28T23:30:20.528Z - Closed a connection. Number of open connections: 3
[NX v22.5.3 Daemon Client] - 2026-02-28T23:30:20.527Z - [Messenger] Setting up socket listeners
[NX v22.5.3 Daemon Client] - 2026-02-28T23:30:20.540Z - [Messenger] listen() complete
[NX v22.5.3 Daemon Client] - 2026-02-28T23:30:20.540Z - [Messenger] Sending message type: HASH_GLOB
[NX v22.5.3 Daemon Client] - 2026-02-28T23:30:20.540Z - [Messenger] Message sent
Time for 'daemon-message-serialization-HASH_GLOB' 0.05304100000000744
[NX v22.5.3 Daemon Server] - 2026-02-28T23:30:20.552Z - Received raw message of length 80
[NX v22.5.3 Daemon Server] - 2026-02-28T23:30:20.552Z - Received json message of type HASH_GLOB
[NX v22.5.3 Daemon Server] - 2026-02-28T23:30:20.558Z - Serializing response for HASH_GLOB message in json mode
[NX v22.5.3 Daemon Server] - 2026-02-28T23:30:20.559Z - Responding to HASH_GLOB message
[NX v22.5.3 Daemon Server] - 2026-02-28T23:30:20.559Z - [REQUEST]: Responding to the client. handleHashGlob
[NX v22.5.3 Daemon Server] - 2026-02-28T23:30:20.559Z - Done responding to the client handleHashGlob
[NX v22.5.3 Daemon Server] - 2026-02-28T23:30:20.559Z - Handled json message HASH_GLOB. Handling time: 6. Response time: 1.
[NX v22.5.3 Daemon Client] - 2026-02-28T23:30:20.561Z - [Messenger] Received message, length: 21
[NX v22.5.3 Daemon Server] - 2026-02-28T23:30:20.569Z - Established a connection. Number of open connections: 4
[NX v22.5.3 Daemon Server] - 2026-02-28T23:30:20.572Z - Closed a connection. Number of open connections: 3
[NX v22.5.3 Daemon Server] - 2026-02-28T23:30:20.574Z - Closed a connection. Number of open connections: 2
[NX v22.5.3 Daemon Server] - 2026-02-28T23:30:20.574Z - Established a connection. Number of open connections: 3
[NX v22.5.3 Daemon Client] - 2026-02-28T23:30:20.574Z - [Messenger] Setting up socket listeners
[NX v22.5.3 Daemon Client] - 2026-02-28T23:30:20.575Z - [Messenger] listen() complete
[NX v22.5.3 Daemon Client] - 2026-02-28T23:30:20.575Z - [Messenger] Sending message type: GLOB
[NX v22.5.3 Daemon Client] - 2026-02-28T23:30:20.575Z - [Messenger] Message sent
Time for 'daemon-message-serialization-GLOB' 0.05195900000001075
[NX v22.5.3 Daemon Server] - 2026-02-28T23:30:20.582Z - Received raw message of length 73
[NX v22.5.3 Daemon Server] - 2026-02-28T23:30:20.582Z - Received json message of type GLOB
[NX v22.5.3 Daemon Server] - 2026-02-28T23:30:20.583Z - Serializing response for GLOB message in json mode
[NX v22.5.3 Daemon Server] - 2026-02-28T23:30:20.583Z - Responding to GLOB message
[NX v22.5.3 Daemon Server] - 2026-02-28T23:30:20.583Z - [REQUEST]: Responding to the client. handleGlob
[NX v22.5.3 Daemon Server] - 2026-02-28T23:30:20.583Z - Done responding to the client handleGlob
[NX v22.5.3 Daemon Server] - 2026-02-28T23:30:20.583Z - Handled json message GLOB. Handling time: 1. Response time: 0.
[NX v22.5.3 Daemon Client] - 2026-02-28T23:30:20.583Z - [Messenger] Received message, length: 3588
[NX v22.5.3 Daemon Client] - 2026-02-28T23:30:20.584Z - [Messenger] Sending message type: HASH_MULTI_GLOB
[NX v22.5.3 Daemon Client] - 2026-02-28T23:30:20.584Z - [Messenger] Message sent
[NX v22.5.3 Daemon Server] - 2026-02-28T23:30:20.584Z - Received raw message of length 889
[NX v22.5.3 Daemon Server] - 2026-02-28T23:30:20.584Z - Received json message of type HASH_MULTI_GLOB
[NX v22.5.3 Daemon Server] - 2026-02-28T23:30:20.585Z - Serializing response for HASH_GLOB message in json mode
[NX v22.5.3 Daemon Server] - 2026-02-28T23:30:20.586Z - Responding to HASH_GLOB message
[NX v22.5.3 Daemon Server] - 2026-02-28T23:30:20.586Z - [REQUEST]: Responding to the client. handleHashMultiGlob
[NX v22.5.3 Daemon Server] - 2026-02-28T23:30:20.586Z - Done responding to the client handleHashMultiGlob
[NX v22.5.3 Daemon Server] - 2026-02-28T23:30:20.586Z - Handled json message HASH_GLOB. Handling time: 1. Response time: 1.
Time for 'GLOB round trip' 8.395750000000021
Time for 'deserialize daemon response - GLOB' 0.05287500000002865
Time for 'daemon-message-serialization-HASH_MULTI_GLOB' 0.018458000000009633
[NX v22.5.3 Daemon Client] - 2026-02-28T23:30:20.586Z - [Messenger] Received message, length: 181
[NX v22.5.3 Daemon Server] - 2026-02-28T23:30:20.596Z - [WATCHER]: Processing file changes in outputs
Time for 'HASH_MULTI_GLOB round trip' 1.8480000000000132
Time for 'deserialize daemon response - HASH_MULTI_GLOB' 0.015332999999998265
[NX v22.5.3 Daemon Server] - 2026-02-28T23:30:20.751Z - [WATCHER]: Processing file changes in outputs
[NX v22.5.3 Daemon Server] - 2026-02-28T23:30:21.109Z - Time taken for 'build-project-configs' 942.1905829999996ms
[NX v22.5.3 Daemon Server] - 2026-02-28T23:30:21.115Z - Closed a connection. Number of open connections: 2
[NX v22.5.3 Daemon Server] - 2026-02-28T23:30:21.219Z - [SYNC]: collect registered sync generators
[NX v22.5.3 Daemon Server] - 2026-02-28T23:30:21.219Z - [SYNC]: project graph hash is the same, not collecting task sync generators
[NX v22.5.3 Daemon Server] - 2026-02-28T23:30:21.219Z - [SYNC]: nx.json hash is the same, not collecting global sync generators
[NX v22.5.3 Daemon Server] - 2026-02-28T23:30:21.219Z - Time taken for 'total execution time for createProjectGraph()' 110.42816599999787ms
[NX v22.5.3 Daemon Server] - 2026-02-28T23:30:22.703Z - [WATCHER]: apps/mobile-travel/src/app/features/tourism-map/containers/tourism-map-page.container.ts was modified
[NX v22.5.3 Daemon Server] - 2026-02-28T23:30:22.703Z - [SYNC]: clearing sync generators cache due to file changes
[NX v22.5.3 Daemon Server] - 2026-02-28T23:30:22.703Z - [WATCHER]: Processing file changes in outputs
[NX v22.5.3 Daemon Server] - 2026-02-28T23:30:22.904Z - [REQUEST]: Updated workspace context based on watched changes, recomputing project graph...
[NX v22.5.3 Daemon Server] - 2026-02-28T23:30:22.904Z - [REQUEST]: apps/mobile-travel/src/app/features/tourism-map/containers/tourism-map-page.container.ts
[NX v22.5.3 Daemon Server] - 2026-02-28T23:30:22.904Z - [REQUEST]: 
[NX v22.5.3 Daemon Server] - 2026-02-28T23:30:22.916Z - Time taken for 'hash changed files from watcher' 0.11750000000029104ms
Time for 'plugin worker 86645 code loading' 6.367583
[NX v22.5.3 Daemon Server] - 2026-02-28T23:30:23.078Z - Time taken for 'start-plugin-worker:@nx/playwright/plugin' 173.35712499999863ms
Time for 'plugin worker 86648 code loading' 6.323333000000002
[NX v22.5.3 Daemon Server] - 2026-02-28T23:30:23.113Z - Time taken for 'start-plugin-worker:nx/core/package-json' 203.5580000000009ms
Time for 'plugin worker 86649 code loading' 6.698332999999998
[NX v22.5.3 Daemon Server] - 2026-02-28T23:30:23.124Z - Time taken for 'start-plugin-worker:nx/js/dependencies-and-lockfile' 215.08095799999865ms
[NX v22.5.3 Daemon Server] - 2026-02-28T23:30:23.124Z - Time taken for 'start-plugin-worker:@nx/eslint/plugin' 217.55912499999977ms
Time for 'plugin worker 86647 code loading' 8.922792000000001
Time for 'plugin worker 86646 code loading' 13.966625
[NX v22.5.3 Daemon Server] - 2026-02-28T23:30:23.351Z - [WATCHER]: Processing file changes in outputs
Time for 'nx/js/dependencies-and-lockfile:createNodes' 0.1839170000000081
[NX v22.5.3 Daemon Server] - 2026-02-28T23:30:23.409Z - [WATCHER]: Processing file changes in outputs
[NX v22.5.3 Daemon Server] - 2026-02-28T23:30:23.463Z - Established a connection. Number of open connections: 3
[NX v22.5.3 Daemon Client] - 2026-02-28T23:30:23.463Z - [Messenger] Setting up socket listeners
[NX v22.5.3 Daemon Client] - 2026-02-28T23:30:23.464Z - [Messenger] listen() complete
[NX v22.5.3 Daemon Server] - 2026-02-28T23:30:23.464Z - Established a connection. Number of open connections: 4
[NX v22.5.3 Daemon Client] - 2026-02-28T23:30:23.465Z - [Messenger] Sending message type: HASH_GLOB
[NX v22.5.3 Daemon Server] - 2026-02-28T23:30:23.465Z - Closed a connection. Number of open connections: 3
[NX v22.5.3 Daemon Client] - 2026-02-28T23:30:23.465Z - [Messenger] Message sent
Time for 'daemon-message-serialization-HASH_GLOB' 0.25124999999997044
[NX v22.5.3 Daemon Server] - 2026-02-28T23:30:23.477Z - Received raw message of length 80
[NX v22.5.3 Daemon Server] - 2026-02-28T23:30:23.477Z - Received json message of type HASH_GLOB
[NX v22.5.3 Daemon Server] - 2026-02-28T23:30:23.477Z - Serializing response for HASH_GLOB message in json mode
[NX v22.5.3 Daemon Server] - 2026-02-28T23:30:23.477Z - Responding to HASH_GLOB message
[NX v22.5.3 Daemon Server] - 2026-02-28T23:30:23.477Z - [REQUEST]: Responding to the client. handleHashGlob
[NX v22.5.3 Daemon Server] - 2026-02-28T23:30:23.477Z - Done responding to the client handleHashGlob
[NX v22.5.3 Daemon Server] - 2026-02-28T23:30:23.477Z - Handled json message HASH_GLOB. Handling time: 0. Response time: 0.
[NX v22.5.3 Daemon Client] - 2026-02-28T23:30:23.477Z - [Messenger] Received message, length: 21
[NX v22.5.3 Daemon Server] - 2026-02-28T23:30:23.482Z - Closed a connection. Number of open connections: 2
[NX v22.5.3 Daemon Server] - 2026-02-28T23:30:23.486Z - Established a connection. Number of open connections: 3
[NX v22.5.3 Daemon Server] - 2026-02-28T23:30:23.487Z - Closed a connection. Number of open connections: 2
[NX v22.5.3 Daemon Server] - 2026-02-28T23:30:23.487Z - Established a connection. Number of open connections: 3
[NX v22.5.3 Daemon Client] - 2026-02-28T23:30:23.487Z - [Messenger] Setting up socket listeners
[NX v22.5.3 Daemon Client] - 2026-02-28T23:30:23.487Z - [Messenger] listen() complete
[NX v22.5.3 Daemon Client] - 2026-02-28T23:30:23.487Z - [Messenger] Sending message type: GLOB
[NX v22.5.3 Daemon Client] - 2026-02-28T23:30:23.488Z - [Messenger] Message sent
Time for 'daemon-message-serialization-GLOB' 0.04654199999998809
[NX v22.5.3 Daemon Server] - 2026-02-28T23:30:23.497Z - Received raw message of length 73
[NX v22.5.3 Daemon Server] - 2026-02-28T23:30:23.497Z - Received json message of type GLOB
[NX v22.5.3 Daemon Server] - 2026-02-28T23:30:23.497Z - Serializing response for GLOB message in json mode
[NX v22.5.3 Daemon Server] - 2026-02-28T23:30:23.497Z - Responding to GLOB message
[NX v22.5.3 Daemon Server] - 2026-02-28T23:30:23.497Z - [REQUEST]: Responding to the client. handleGlob
[NX v22.5.3 Daemon Server] - 2026-02-28T23:30:23.497Z - Done responding to the client handleGlob
[NX v22.5.3 Daemon Server] - 2026-02-28T23:30:23.497Z - Handled json message GLOB. Handling time: 0. Response time: 0.
[NX v22.5.3 Daemon Client] - 2026-02-28T23:30:23.497Z - [Messenger] Received message, length: 3588
[NX v22.5.3 Daemon Client] - 2026-02-28T23:30:23.498Z - [Messenger] Sending message type: HASH_MULTI_GLOB
[NX v22.5.3 Daemon Client] - 2026-02-28T23:30:23.498Z - [Messenger] Message sent
[NX v22.5.3 Daemon Server] - 2026-02-28T23:30:23.498Z - Received raw message of length 889
[NX v22.5.3 Daemon Server] - 2026-02-28T23:30:23.498Z - Received json message of type HASH_MULTI_GLOB
[NX v22.5.3 Daemon Server] - 2026-02-28T23:30:23.499Z - Serializing response for HASH_GLOB message in json mode
[NX v22.5.3 Daemon Server] - 2026-02-28T23:30:23.499Z - Responding to HASH_GLOB message
[NX v22.5.3 Daemon Server] - 2026-02-28T23:30:23.499Z - [REQUEST]: Responding to the client. handleHashMultiGlob
[NX v22.5.3 Daemon Server] - 2026-02-28T23:30:23.499Z - Done responding to the client handleHashMultiGlob
[NX v22.5.3 Daemon Server] - 2026-02-28T23:30:23.499Z - Handled json message HASH_GLOB. Handling time: 1. Response time: 0.
Time for 'GLOB round trip' 9.798249999999996
Time for 'deserialize daemon response - GLOB' 0.04775000000000773
Time for 'daemon-message-serialization-HASH_MULTI_GLOB' 0.016415999999992437
[NX v22.5.3 Daemon Client] - 2026-02-28T23:30:23.499Z - [Messenger] Received message, length: 181
Time for 'HASH_MULTI_GLOB round trip' 1.025209000000018
Time for 'deserialize daemon response - HASH_MULTI_GLOB' 0.009708999999986645
[NX v22.5.3 Daemon Server] - 2026-02-28T23:30:24.060Z - Time taken for 'build-project-configs' 1155.2342080000017ms
[NX v22.5.3 Daemon Server] - 2026-02-28T23:30:24.067Z - Closed a connection. Number of open connections: 2
[NX v22.5.3 Daemon Server] - 2026-02-28T23:30:24.178Z - [SYNC]: collect registered sync generators
[NX v22.5.3 Daemon Server] - 2026-02-28T23:30:24.179Z - [SYNC]: project graph hash is the same, not collecting task sync generators
[NX v22.5.3 Daemon Server] - 2026-02-28T23:30:24.179Z - [SYNC]: nx.json hash is the same, not collecting global sync generators
[NX v22.5.3 Daemon Server] - 2026-02-28T23:30:24.179Z - Time taken for 'total execution time for createProjectGraph()' 118.25795899999866ms
[NX v22.5.3 Daemon Server] - 2026-02-28T23:30:24.754Z - [WATCHER]: apps/mobile-travel/src/app/features/tourism-map/containers/tourism-map-page.container.ts was modified
[NX v22.5.3 Daemon Server] - 2026-02-28T23:30:24.754Z - [SYNC]: clearing sync generators cache due to file changes
[NX v22.5.3 Daemon Server] - 2026-02-28T23:30:24.754Z - [WATCHER]: Processing file changes in outputs
[NX v22.5.3 Daemon Server] - 2026-02-28T23:30:25.143Z - [WATCHER]: Processing file changes in outputs
[NX v22.5.3 Daemon Server] - 2026-02-28T23:30:25.154Z - [REQUEST]: Updated workspace context based on watched changes, recomputing project graph...
[NX v22.5.3 Daemon Server] - 2026-02-28T23:30:25.154Z - [REQUEST]: apps/mobile-travel/src/app/features/tourism-map/containers/tourism-map-page.container.ts
[NX v22.5.3 Daemon Server] - 2026-02-28T23:30:25.154Z - [REQUEST]: 
[NX v22.5.3 Daemon Server] - 2026-02-28T23:30:25.163Z - Time taken for 'hash changed files from watcher' 0.12733400000070105ms
Time for 'plugin worker 86655 code loading' 5.770416000000001
Time for 'plugin worker 86652 code loading' 6.179166
[NX v22.5.3 Daemon Server] - 2026-02-28T23:30:25.222Z - Time taken for 'start-plugin-worker:nx/core/package-json' 62.35383300000103ms
Time for 'plugin worker 86656 code loading' 5.512291999999999
Time for 'plugin worker 86654 code loading' 5.1655
Time for 'plugin worker 86653 code loading' 4.063416000000002
[NX v22.5.3 Daemon Server] - 2026-02-28T23:30:25.229Z - Time taken for 'start-plugin-worker:@nx/playwright/plugin' 73.55824999999822ms
[NX v22.5.3 Daemon Server] - 2026-02-28T23:30:25.232Z - Time taken for 'start-plugin-worker:@nx/eslint/plugin' 75.66091700000106ms
Time for 'nx/js/dependencies-and-lockfile:createNodes' 0.1829580000000135
[NX v22.5.3 Daemon Server] - 2026-02-28T23:30:25.390Z - Established a connection. Number of open connections: 3
[NX v22.5.3 Daemon Server] - 2026-02-28T23:30:25.390Z - Closed a connection. Number of open connections: 2
[NX v22.5.3 Daemon Server] - 2026-02-28T23:30:25.390Z - Established a connection. Number of open connections: 3
[NX v22.5.3 Daemon Client] - 2026-02-28T23:30:25.390Z - [Messenger] Setting up socket listeners
[NX v22.5.3 Daemon Client] - 2026-02-28T23:30:25.392Z - [Messenger] listen() complete
[NX v22.5.3 Daemon Client] - 2026-02-28T23:30:25.392Z - [Messenger] Sending message type: HASH_GLOB
[NX v22.5.3 Daemon Client] - 2026-02-28T23:30:25.392Z - [Messenger] Message sent
Time for 'daemon-message-serialization-HASH_GLOB' 0.04912500000000364
[NX v22.5.3 Daemon Server] - 2026-02-28T23:30:25.399Z - Received raw message of length 80
[NX v22.5.3 Daemon Server] - 2026-02-28T23:30:25.399Z - Received json message of type HASH_GLOB
[NX v22.5.3 Daemon Server] - 2026-02-28T23:30:25.399Z - Serializing response for HASH_GLOB message in json mode
[NX v22.5.3 Daemon Server] - 2026-02-28T23:30:25.399Z - Responding to HASH_GLOB message
[NX v22.5.3 Daemon Server] - 2026-02-28T23:30:25.399Z - [REQUEST]: Responding to the client. handleHashGlob
[NX v22.5.3 Daemon Server] - 2026-02-28T23:30:25.399Z - Done responding to the client handleHashGlob
[NX v22.5.3 Daemon Server] - 2026-02-28T23:30:25.399Z - Handled json message HASH_GLOB. Handling time: 0. Response time: 0.
[NX v22.5.3 Daemon Client] - 2026-02-28T23:30:25.400Z - [Messenger] Received message, length: 21
[NX v22.5.3 Daemon Server] - 2026-02-28T23:30:25.404Z - Established a connection. Number of open connections: 4
[NX v22.5.3 Daemon Server] - 2026-02-28T23:30:25.404Z - Closed a connection. Number of open connections: 3
[NX v22.5.3 Daemon Server] - 2026-02-28T23:30:25.404Z - Established a connection. Number of open connections: 4
[NX v22.5.3 Daemon Client] - 2026-02-28T23:30:25.404Z - [Messenger] Setting up socket listeners
[NX v22.5.3 Daemon Client] - 2026-02-28T23:30:25.405Z - [Messenger] listen() complete
[NX v22.5.3 Daemon Client] - 2026-02-28T23:30:25.405Z - [Messenger] Sending message type: GLOB
[NX v22.5.3 Daemon Client] - 2026-02-28T23:30:25.405Z - [Messenger] Message sent
[NX v22.5.3 Daemon Server] - 2026-02-28T23:30:25.405Z - Closed a connection. Number of open connections: 3
Time for 'daemon-message-serialization-GLOB' 0.04658399999999574
[NX v22.5.3 Daemon Server] - 2026-02-28T23:30:25.411Z - Received raw message of length 73
[NX v22.5.3 Daemon Server] - 2026-02-28T23:30:25.411Z - Received json message of type GLOB
[NX v22.5.3 Daemon Server] - 2026-02-28T23:30:25.411Z - Serializing response for GLOB message in json mode
[NX v22.5.3 Daemon Server] - 2026-02-28T23:30:25.412Z - Responding to GLOB message
[NX v22.5.3 Daemon Server] - 2026-02-28T23:30:25.412Z - [REQUEST]: Responding to the client. handleGlob
[NX v22.5.3 Daemon Server] - 2026-02-28T23:30:25.412Z - Done responding to the client handleGlob
[NX v22.5.3 Daemon Server] - 2026-02-28T23:30:25.412Z - Handled json message GLOB. Handling time: 0. Response time: 1.
[NX v22.5.3 Daemon Client] - 2026-02-28T23:30:25.412Z - [Messenger] Received message, length: 3588
[NX v22.5.3 Daemon Client] - 2026-02-28T23:30:25.413Z - [Messenger] Sending message type: HASH_MULTI_GLOB
[NX v22.5.3 Daemon Client] - 2026-02-28T23:30:25.413Z - [Messenger] Message sent
[NX v22.5.3 Daemon Server] - 2026-02-28T23:30:25.413Z - Received raw message of length 889
[NX v22.5.3 Daemon Server] - 2026-02-28T23:30:25.413Z - Received json message of type HASH_MULTI_GLOB
[NX v22.5.3 Daemon Server] - 2026-02-28T23:30:25.414Z - Serializing response for HASH_GLOB message in json mode
[NX v22.5.3 Daemon Server] - 2026-02-28T23:30:25.414Z - Responding to HASH_GLOB message
[NX v22.5.3 Daemon Server] - 2026-02-28T23:30:25.414Z - [REQUEST]: Responding to the client. handleHashMultiGlob
[NX v22.5.3 Daemon Server] - 2026-02-28T23:30:25.414Z - Done responding to the client handleHashMultiGlob
[NX v22.5.3 Daemon Server] - 2026-02-28T23:30:25.414Z - Handled json message HASH_GLOB. Handling time: 1. Response time: 0.
Time for 'GLOB round trip' 7.817291999999981
Time for 'deserialize daemon response - GLOB' 0.04616699999999696
Time for 'daemon-message-serialization-HASH_MULTI_GLOB' 0.01870800000000372
[NX v22.5.3 Daemon Client] - 2026-02-28T23:30:25.414Z - [Messenger] Received message, length: 181
Time for 'HASH_MULTI_GLOB round trip' 0.9014999999999986
Time for 'deserialize daemon response - HASH_MULTI_GLOB' 0.009208999999998468
[NX v22.5.3 Daemon Server] - 2026-02-28T23:30:25.827Z - Time taken for 'build-project-configs' 671.674167000001ms
[NX v22.5.3 Daemon Server] - 2026-02-28T23:30:25.833Z - Closed a connection. Number of open connections: 2
[NX v22.5.3 Daemon Server] - 2026-02-28T23:30:25.933Z - [SYNC]: collect registered sync generators
[NX v22.5.3 Daemon Server] - 2026-02-28T23:30:25.933Z - [SYNC]: project graph hash is the same, not collecting task sync generators
[NX v22.5.3 Daemon Server] - 2026-02-28T23:30:25.933Z - [SYNC]: nx.json hash is the same, not collecting global sync generators
[NX v22.5.3 Daemon Server] - 2026-02-28T23:30:25.933Z - Time taken for 'total execution time for createProjectGraph()' 106.28737499999988ms
[NX v22.5.3 Daemon Server] - 2026-02-28T23:30:38.314Z - [WATCHER]: apps/mobile-travel/src/app/features/tourism-map/ui/tourism-saved-list.component.ts was modified
[NX v22.5.3 Daemon Server] - 2026-02-28T23:30:38.314Z - [SYNC]: clearing sync generators cache due to file changes
[NX v22.5.3 Daemon Server] - 2026-02-28T23:30:38.314Z - [WATCHER]: Processing file changes in outputs
[NX v22.5.3 Daemon Server] - 2026-02-28T23:30:38.643Z - [WATCHER]: Processing file changes in outputs
[NX v22.5.3 Daemon Server] - 2026-02-28T23:30:39.115Z - [REQUEST]: Updated workspace context based on watched changes, recomputing project graph...
[NX v22.5.3 Daemon Server] - 2026-02-28T23:30:39.115Z - [REQUEST]: apps/mobile-travel/src/app/features/tourism-map/ui/tourism-saved-list.component.ts
[NX v22.5.3 Daemon Server] - 2026-02-28T23:30:39.116Z - [REQUEST]: 
[NX v22.5.3 Daemon Server] - 2026-02-28T23:30:39.127Z - Time taken for 'hash changed files from watcher' 0.36987499999668216ms
Time for 'plugin worker 86666 code loading' 5.240667
[NX v22.5.3 Daemon Server] - 2026-02-28T23:30:39.206Z - Time taken for 'start-plugin-worker:@nx/eslint/plugin' 84.22804199999518ms
Time for 'plugin worker 86667 code loading' 6.1836660000000006
Time for 'plugin worker 86669 code loading' 7.319417
[NX v22.5.3 Daemon Server] - 2026-02-28T23:30:39.208Z - Time taken for 'start-plugin-worker:nx/core/package-json' 83.59558400000242ms
Time for 'plugin worker 86670 code loading' 6.148665999999999
[NX v22.5.3 Daemon Server] - 2026-02-28T23:30:39.209Z - Time taken for 'start-plugin-worker:@nx/playwright/plugin' 92.52608400000463ms
Time for 'plugin worker 86668 code loading' 7.115207999999999
[NX v22.5.3 Daemon Server] - 2026-02-28T23:30:39.216Z - Time taken for 'start-plugin-worker:nx/js/dependencies-and-lockfile' 93.09249999999884ms
[NX v22.5.3 Daemon Server] - 2026-02-28T23:30:39.219Z - Time taken for 'start-plugin-worker:nx/core/project-json' 93.0192920000045ms
Time for 'nx/js/dependencies-and-lockfile:createNodes' 0.36379199999998946
[NX v22.5.3 Daemon Server] - 2026-02-28T23:30:39.380Z - Established a connection. Number of open connections: 3
[NX v22.5.3 Daemon Server] - 2026-02-28T23:30:39.381Z - Closed a connection. Number of open connections: 2
[NX v22.5.3 Daemon Server] - 2026-02-28T23:30:39.381Z - Established a connection. Number of open connections: 3
[NX v22.5.3 Daemon Client] - 2026-02-28T23:30:39.381Z - [Messenger] Setting up socket listeners
[NX v22.5.3 Daemon Client] - 2026-02-28T23:30:39.382Z - [Messenger] listen() complete
[NX v22.5.3 Daemon Client] - 2026-02-28T23:30:39.382Z - [Messenger] Sending message type: GLOB
[NX v22.5.3 Daemon Client] - 2026-02-28T23:30:39.382Z - [Messenger] Message sent
[NX v22.5.3 Daemon Server] - 2026-02-28T23:30:39.386Z - Established a connection. Number of open connections: 4
[NX v22.5.3 Daemon Server] - 2026-02-28T23:30:39.386Z - Closed a connection. Number of open connections: 3
[NX v22.5.3 Daemon Server] - 2026-02-28T23:30:39.386Z - Established a connection. Number of open connections: 4
[NX v22.5.3 Daemon Client] - 2026-02-28T23:30:39.386Z - [Messenger] Setting up socket listeners
[NX v22.5.3 Daemon Client] - 2026-02-28T23:30:39.387Z - [Messenger] listen() complete
[NX v22.5.3 Daemon Client] - 2026-02-28T23:30:39.387Z - [Messenger] Sending message type: HASH_GLOB
[NX v22.5.3 Daemon Client] - 2026-02-28T23:30:39.387Z - [Messenger] Message sent
Time for 'daemon-message-serialization-GLOB' 0.046582999999998265
[NX v22.5.3 Daemon Server] - 2026-02-28T23:30:39.389Z - Received raw message of length 73
[NX v22.5.3 Daemon Server] - 2026-02-28T23:30:39.389Z - Received json message of type GLOB
[NX v22.5.3 Daemon Server] - 2026-02-28T23:30:39.389Z - Serializing response for GLOB message in json mode
[NX v22.5.3 Daemon Server] - 2026-02-28T23:30:39.389Z - Responding to GLOB message
[NX v22.5.3 Daemon Server] - 2026-02-28T23:30:39.389Z - [REQUEST]: Responding to the client. handleGlob
[NX v22.5.3 Daemon Server] - 2026-02-28T23:30:39.389Z - Done responding to the client handleGlob
[NX v22.5.3 Daemon Server] - 2026-02-28T23:30:39.389Z - Handled json message GLOB. Handling time: 0. Response time: 0.
[NX v22.5.3 Daemon Client] - 2026-02-28T23:30:39.390Z - [Messenger] Received message, length: 3588
[NX v22.5.3 Daemon Client] - 2026-02-28T23:30:39.391Z - [Messenger] Sending message type: HASH_MULTI_GLOB
[NX v22.5.3 Daemon Client] - 2026-02-28T23:30:39.391Z - [Messenger] Message sent
[NX v22.5.3 Daemon Server] - 2026-02-28T23:30:39.391Z - Received raw message of length 889
[NX v22.5.3 Daemon Server] - 2026-02-28T23:30:39.391Z - Received json message of type HASH_MULTI_GLOB
[NX v22.5.3 Daemon Server] - 2026-02-28T23:30:39.392Z - Serializing response for HASH_GLOB message in json mode
[NX v22.5.3 Daemon Server] - 2026-02-28T23:30:39.392Z - Responding to HASH_GLOB message
[NX v22.5.3 Daemon Server] - 2026-02-28T23:30:39.392Z - [REQUEST]: Responding to the client. handleHashMultiGlob
[NX v22.5.3 Daemon Server] - 2026-02-28T23:30:39.392Z - Done responding to the client handleHashMultiGlob
[NX v22.5.3 Daemon Server] - 2026-02-28T23:30:39.392Z - Handled json message HASH_GLOB. Handling time: 1. Response time: 0.
Time for 'GLOB round trip' 8.79566699999998
Time for 'deserialize daemon response - GLOB' 0.050666999999975815
Time for 'daemon-message-serialization-HASH_MULTI_GLOB' 0.014791999999999916
[NX v22.5.3 Daemon Client] - 2026-02-28T23:30:39.392Z - [Messenger] Received message, length: 181
Time for 'daemon-message-serialization-HASH_GLOB' 0.052292000000022654
[NX v22.5.3 Daemon Server] - 2026-02-28T23:30:39.394Z - Received raw message of length 80
[NX v22.5.3 Daemon Server] - 2026-02-28T23:30:39.394Z - Received json message of type HASH_GLOB
[NX v22.5.3 Daemon Server] - 2026-02-28T23:30:39.394Z - Serializing response for HASH_GLOB message in json mode
[NX v22.5.3 Daemon Server] - 2026-02-28T23:30:39.394Z - Responding to HASH_GLOB message
[NX v22.5.3 Daemon Server] - 2026-02-28T23:30:39.394Z - [REQUEST]: Responding to the client. handleHashGlob
[NX v22.5.3 Daemon Server] - 2026-02-28T23:30:39.394Z - Done responding to the client handleHashGlob
[NX v22.5.3 Daemon Server] - 2026-02-28T23:30:39.395Z - Handled json message HASH_GLOB. Handling time: 0. Response time: 1.
[NX v22.5.3 Daemon Client] - 2026-02-28T23:30:39.396Z - [Messenger] Received message, length: 21
[NX v22.5.3 Daemon Server] - 2026-02-28T23:30:39.400Z - Closed a connection. Number of open connections: 3
Time for 'HASH_MULTI_GLOB round trip' 0.9197499999999934
Time for 'deserialize daemon response - HASH_MULTI_GLOB' 0.010082999999980302
[NX v22.5.3 Daemon Server] - 2026-02-28T23:30:39.831Z - Time taken for 'build-project-configs' 713.7648750000008ms
[NX v22.5.3 Daemon Server] - 2026-02-28T23:30:39.836Z - Closed a connection. Number of open connections: 2
[NX v22.5.3 Daemon Server] - 2026-02-28T23:30:39.945Z - [SYNC]: collect registered sync generators
[NX v22.5.3 Daemon Server] - 2026-02-28T23:30:39.946Z - [SYNC]: project graph hash is the same, not collecting task sync generators
[NX v22.5.3 Daemon Server] - 2026-02-28T23:30:39.946Z - [SYNC]: nx.json hash is the same, not collecting global sync generators
[NX v22.5.3 Daemon Server] - 2026-02-28T23:30:39.946Z - Time taken for 'total execution time for createProjectGraph()' 115.09004100000311ms
[NX v22.5.3 Daemon Server] - 2026-02-28T23:30:42.173Z - Established a connection. Number of open connections: 3
[NX v22.5.3 Daemon Server] - 2026-02-28T23:30:42.173Z - Closed a connection. Number of open connections: 2
[NX v22.5.3 Daemon Server] - 2026-02-28T23:30:42.173Z - Established a connection. Number of open connections: 3
[NX v22.5.3 Daemon Server] - 2026-02-28T23:30:42.173Z - Closed a connection. Number of open connections: 2
[NX v22.5.3 Daemon Server] - 2026-02-28T23:30:42.173Z - Established a connection. Number of open connections: 3
[NX v22.5.3 Daemon Client] - 2026-02-28T23:30:42.173Z - [Messenger] Setting up socket listeners
[NX v22.5.3 Daemon Client] - 2026-02-28T23:30:42.174Z - [Messenger] listen() complete
[NX v22.5.3 Daemon Client] - 2026-02-28T23:30:42.174Z - [Messenger] Sending message type: GET_NX_CONSOLE_STATUS
[NX v22.5.3 Daemon Client] - 2026-02-28T23:30:42.175Z - [Messenger] Message sent
[NX v22.5.3 Daemon Server] - 2026-02-28T23:30:42.181Z - Received raw message of length 32
[NX v22.5.3 Daemon Server] - 2026-02-28T23:30:42.181Z - Received json message of type GET_NX_CONSOLE_STATUS
[NX v22.5.3 Daemon Server] - 2026-02-28T23:30:42.181Z - Serializing response for GET_NX_CONSOLE_STATUS message in json mode
[NX v22.5.3 Daemon Server] - 2026-02-28T23:30:42.181Z - Responding to GET_NX_CONSOLE_STATUS message
[NX v22.5.3 Daemon Server] - 2026-02-28T23:30:42.181Z - [REQUEST]: Responding to the client. handleGetNxConsoleStatus
[NX v22.5.3 Daemon Server] - 2026-02-28T23:30:42.181Z - Done responding to the client handleGetNxConsoleStatus
[NX v22.5.3 Daemon Server] - 2026-02-28T23:30:42.181Z - Handled json message GET_NX_CONSOLE_STATUS. Handling time: 0. Response time: 0.
[NX v22.5.3 Daemon Client] - 2026-02-28T23:30:42.181Z - [Messenger] Received message, length: 22
[NX v22.5.3 Daemon Client] - 2026-02-28T23:30:42.202Z - [Messenger] Sending message type: REQUEST_PROJECT_GRAPH
[NX v22.5.3 Daemon Client] - 2026-02-28T23:30:42.202Z - [Messenger] Message sent
[NX v22.5.3 Daemon Server] - 2026-02-28T23:30:42.202Z - Received raw message of length 32
[NX v22.5.3 Daemon Server] - 2026-02-28T23:30:42.202Z - Received json message of type REQUEST_PROJECT_GRAPH
[NX v22.5.3 Daemon Server] - 2026-02-28T23:30:42.202Z - [REQUEST]: Client Request for Project Graph Received
[NX v22.5.3 Daemon Server] - 2026-02-28T23:30:42.202Z - Reusing in-memory cached project graph because no files changed.
[NX v22.5.3 Daemon Server] - 2026-02-28T23:30:42.203Z - Wrote project graph cache to /Users/eduardovalenciaduran/Documents/projects/waypo/.nx/workspace-data/project-graph.json
[NX v22.5.3 Daemon Server] - 2026-02-28T23:30:42.203Z - Serializing response for REQUEST_PROJECT_GRAPH message in json mode
[NX v22.5.3 Daemon Server] - 2026-02-28T23:30:42.203Z - Responding to REQUEST_PROJECT_GRAPH message
[NX v22.5.3 Daemon Server] - 2026-02-28T23:30:42.203Z - [REQUEST]: Responding to the client. project-graph
[NX v22.5.3 Daemon Server] - 2026-02-28T23:30:42.203Z - Time taken for 'total for creating and serializing project graph' 1.1536249999990105ms
[NX v22.5.3 Daemon Client] - 2026-02-28T23:30:42.203Z - [Messenger] Received message, length: 23585
[NX v22.5.3 Daemon Server] - 2026-02-28T23:30:42.203Z - Done responding to the client project-graph
[NX v22.5.3 Daemon Server] - 2026-02-28T23:30:42.203Z - Handled json message REQUEST_PROJECT_GRAPH. Handling time: 1. Response time: 0.
[NX v22.5.3 Daemon Client] - 2026-02-28T23:30:42.205Z - [Messenger] Sending message type: PRE_TASKS_EXECUTION
[NX v22.5.3 Daemon Client] - 2026-02-28T23:30:42.205Z - [Messenger] Message sent
[NX v22.5.3 Daemon Server] - 2026-02-28T23:30:42.205Z - Received raw message of length 1435
[NX v22.5.3 Daemon Server] - 2026-02-28T23:30:42.205Z - Received json message of type PRE_TASKS_EXECUTION
[NX v22.5.3 Daemon Server] - 2026-02-28T23:30:42.205Z - Serializing response for PRE_TASKS_EXECUTION message in json mode
[NX v22.5.3 Daemon Server] - 2026-02-28T23:30:42.205Z - Responding to PRE_TASKS_EXECUTION message
[NX v22.5.3 Daemon Server] - 2026-02-28T23:30:42.205Z - [REQUEST]: Responding to the client. handleRunPreTasksExecution
[NX v22.5.3 Daemon Server] - 2026-02-28T23:30:42.205Z - Done responding to the client handleRunPreTasksExecution
[NX v22.5.3 Daemon Server] - 2026-02-28T23:30:42.205Z - Handled json message PRE_TASKS_EXECUTION. Handling time: 0. Response time: 0.
[NX v22.5.3 Daemon Server] - 2026-02-28T23:30:42.205Z - Time taken for 'preTasksExecution' 0.10820799999783048ms
[NX v22.5.3 Daemon Client] - 2026-02-28T23:30:42.206Z - [Messenger] Received message, length: 2
[NX v22.5.3 Daemon Client] - 2026-02-28T23:30:42.232Z - [Messenger] Sending message type: HASH_TASKS
[NX v22.5.3 Daemon Server] - 2026-02-28T23:30:42.232Z - Received raw message of length 4930
[NX v22.5.3 Daemon Client] - 2026-02-28T23:30:42.232Z - [Messenger] Message sent
[NX v22.5.3 Daemon Server] - 2026-02-28T23:30:42.232Z - Received json message of type HASH_TASKS
[NX v22.5.3 Daemon Server] - 2026-02-28T23:30:42.232Z - Reusing in-memory cached project graph because no files changed.
[NX v22.5.3 Daemon Server] - 2026-02-28T23:30:42.233Z - Wrote project graph cache to /Users/eduardovalenciaduran/Documents/projects/waypo/.nx/workspace-data/project-graph.json
DEBUG nx::native::tasks::hash_planner: get_plans_internal COMPLETED in 22.458µs - processed 1 tasks (setup: 5.041µs, parallel_planning: 15.25µs)
DEBUG nx::native::tasks::hashers::hash_workspace_files: Hashing workspace fileset with inputs: Adding "2811144596835727346" (".gitignore") to hash
DEBUG nx::native::tasks::hashers::hash_workspace_files: Hashing workspace fileset with inputs: Adding "9982766513010307014" ("nx.json") to hash
DEBUG nx::native::tasks::hashers::hash_workspace_files: Hashing workspace fileset with inputs: Hash Value: "7369522509984833588"
DEBUG nx::native::tasks::task_hasher: hash_plans COMPLETED in 228.5µs - processed 1 plans (setup: 8.333µs, hashing: 219.25µs, assembly: 24.75µs)
[NX v22.5.3 Daemon Server] - 2026-02-28T23:30:42.234Z - Serializing response for HASH_TASKS message in json mode
[NX v22.5.3 Daemon Server] - 2026-02-28T23:30:42.234Z - Responding to HASH_TASKS message
[NX v22.5.3 Daemon Server] - 2026-02-28T23:30:42.234Z - [REQUEST]: Responding to the client. handleHashTasks
[NX v22.5.3 Daemon Server] - 2026-02-28T23:30:42.234Z - Done responding to the client handleHashTasks
[NX v22.5.3 Daemon Server] - 2026-02-28T23:30:42.234Z - Handled json message HASH_TASKS. Handling time: 2. Response time: 0.
[NX v22.5.3 Daemon Server] - 2026-02-28T23:30:42.234Z - Time taken for 'write cache' 0.793082999996841ms
[NX v22.5.3 Daemon Client] - 2026-02-28T23:30:42.234Z - [Messenger] Received message, length: 4886
[NX v22.5.3 Daemon Client] - 2026-02-28T23:30:42.301Z - [Messenger] Sending message type: GET_ESTIMATED_TASK_TIMINGS
[NX v22.5.3 Daemon Client] - 2026-02-28T23:30:42.301Z - [Messenger] Message sent
[NX v22.5.3 Daemon Server] - 2026-02-28T23:30:42.301Z - Received raw message of length 93
[NX v22.5.3 Daemon Server] - 2026-02-28T23:30:42.301Z - Received json message of type GET_ESTIMATED_TASK_TIMINGS
[NX v22.5.3 Daemon Server] - 2026-02-28T23:30:42.301Z - Serializing response for GET_ESTIMATED_TASK_TIMINGS message in json mode
[NX v22.5.3 Daemon Server] - 2026-02-28T23:30:42.301Z - Responding to GET_ESTIMATED_TASK_TIMINGS message
[NX v22.5.3 Daemon Server] - 2026-02-28T23:30:42.301Z - [REQUEST]: Responding to the client. handleGetEstimatedTaskTimings
[NX v22.5.3 Daemon Server] - 2026-02-28T23:30:42.301Z - Done responding to the client handleGetEstimatedTaskTimings
[NX v22.5.3 Daemon Server] - 2026-02-28T23:30:42.301Z - Handled json message GET_ESTIMATED_TASK_TIMINGS. Handling time: 0. Response time: 0.
[NX v22.5.3 Daemon Client] - 2026-02-28T23:30:42.301Z - [Messenger] Received message, length: 2
[NX v22.5.3 Daemon Server] - 2026-02-28T23:30:42.750Z - Established a connection. Number of open connections: 4
[NX v22.5.3 Daemon Server] - 2026-02-28T23:30:42.750Z - Closed a connection. Number of open connections: 3
[NX v22.5.3 Daemon Server] - 2026-02-28T23:30:42.750Z - Established a connection. Number of open connections: 4
[NX v22.5.3 Daemon Client] - 2026-02-28T23:30:42.750Z - [Messenger] Setting up socket listeners
[NX v22.5.3 Daemon Client] - 2026-02-28T23:30:42.751Z - [Messenger] listen() complete
[NX v22.5.3 Daemon Client] - 2026-02-28T23:30:42.751Z - [Messenger] Sending message type: REQUEST_PROJECT_GRAPH
[NX v22.5.3 Daemon Client] - 2026-02-28T23:30:42.752Z - [Messenger] Message sent
[NX v22.5.3 Daemon Server] - 2026-02-28T23:30:42.758Z - Received raw message of length 32
[NX v22.5.3 Daemon Server] - 2026-02-28T23:30:42.758Z - Received json message of type REQUEST_PROJECT_GRAPH
[NX v22.5.3 Daemon Server] - 2026-02-28T23:30:42.758Z - [REQUEST]: Client Request for Project Graph Received
[NX v22.5.3 Daemon Server] - 2026-02-28T23:30:42.758Z - Reusing in-memory cached project graph because no files changed.
[NX v22.5.3 Daemon Server] - 2026-02-28T23:30:42.759Z - Wrote project graph cache to /Users/eduardovalenciaduran/Documents/projects/waypo/.nx/workspace-data/project-graph.json
[NX v22.5.3 Daemon Server] - 2026-02-28T23:30:42.759Z - Serializing response for REQUEST_PROJECT_GRAPH message in json mode
[NX v22.5.3 Daemon Server] - 2026-02-28T23:30:42.759Z - Responding to REQUEST_PROJECT_GRAPH message
[NX v22.5.3 Daemon Server] - 2026-02-28T23:30:42.759Z - [REQUEST]: Responding to the client. project-graph
[NX v22.5.3 Daemon Server] - 2026-02-28T23:30:42.759Z - Time taken for 'total for creating and serializing project graph' 1.0665829999998095ms
[NX v22.5.3 Daemon Server] - 2026-02-28T23:30:42.760Z - Done responding to the client project-graph
[NX v22.5.3 Daemon Client] - 2026-02-28T23:30:42.760Z - [Messenger] Received message, length: 23585
[NX v22.5.3 Daemon Server] - 2026-02-28T23:30:42.760Z - Handled json message REQUEST_PROJECT_GRAPH. Handling time: 1. Response time: 1.
[NX v22.5.3 Daemon Server] - 2026-02-28T23:30:44.350Z - [WATCHER]: Processing file changes in outputs
[NX v22.5.3 Daemon Server] - 2026-02-28T23:30:45.452Z - Closed a connection. Number of open connections: 3
[NX v22.5.3 Daemon Client] - 2026-02-28T23:30:45.457Z - [Messenger] Sending message type: RECORD_OUTPUTS_HASH
[NX v22.5.3 Daemon Client] - 2026-02-28T23:30:45.457Z - [Messenger] Message sent
[NX v22.5.3 Daemon Server] - 2026-02-28T23:30:45.457Z - Received raw message of length 81
[NX v22.5.3 Daemon Server] - 2026-02-28T23:30:45.457Z - Received json message of type RECORD_OUTPUTS_HASH
[NX v22.5.3 Daemon Server] - 2026-02-28T23:30:45.457Z - Serializing response for RECORD_OUTPUTS_HASH message in json mode
[NX v22.5.3 Daemon Server] - 2026-02-28T23:30:45.457Z - Responding to RECORD_OUTPUTS_HASH message
[NX v22.5.3 Daemon Server] - 2026-02-28T23:30:45.457Z - [REQUEST]: Responding to the client. recordOutputsHash
[NX v22.5.3 Daemon Server] - 2026-02-28T23:30:45.457Z - Done responding to the client recordOutputsHash
[NX v22.5.3 Daemon Server] - 2026-02-28T23:30:45.457Z - Handled json message RECORD_OUTPUTS_HASH. Handling time: 0. Response time: 0.
[NX v22.5.3 Daemon Client] - 2026-02-28T23:30:45.457Z - [Messenger] Received message, length: 2
[NX v22.5.3 Daemon Client] - 2026-02-28T23:30:45.460Z - [Messenger] Sending message type: RECORD_TASK_RUNS
[NX v22.5.3 Daemon Client] - 2026-02-28T23:30:45.460Z - [Messenger] Message sent
[NX v22.5.3 Daemon Server] - 2026-02-28T23:30:45.460Z - Received raw message of length 211
[NX v22.5.3 Daemon Server] - 2026-02-28T23:30:45.460Z - Received json message of type RECORD_TASK_RUNS
[NX v22.5.3 Daemon Server] - 2026-02-28T23:30:45.460Z - Serializing response for RECORD_TASK_RUNS message in json mode
[NX v22.5.3 Daemon Server] - 2026-02-28T23:30:45.460Z - Responding to RECORD_TASK_RUNS message
[NX v22.5.3 Daemon Server] - 2026-02-28T23:30:45.460Z - [REQUEST]: Responding to the client. handleRecordTaskRuns
[NX v22.5.3 Daemon Server] - 2026-02-28T23:30:45.460Z - Done responding to the client handleRecordTaskRuns
[NX v22.5.3 Daemon Server] - 2026-02-28T23:30:45.460Z - Handled json message RECORD_TASK_RUNS. Handling time: 0. Response time: 0.
[NX v22.5.3 Daemon Client] - 2026-02-28T23:30:45.460Z - [Messenger] Received message, length: 4
[NX v22.5.3 Daemon Client] - 2026-02-28T23:30:45.461Z - [Messenger] Sending message type: GET_FLAKY_TASKS
[NX v22.5.3 Daemon Client] - 2026-02-28T23:30:45.461Z - [Messenger] Message sent
[NX v22.5.3 Daemon Server] - 2026-02-28T23:30:45.461Z - Received raw message of length 59
[NX v22.5.3 Daemon Server] - 2026-02-28T23:30:45.461Z - Received json message of type GET_FLAKY_TASKS
[NX v22.5.3 Daemon Server] - 2026-02-28T23:30:45.461Z - Serializing response for GET_FLAKY_TASKS message in json mode
[NX v22.5.3 Daemon Server] - 2026-02-28T23:30:45.461Z - Responding to GET_FLAKY_TASKS message
[NX v22.5.3 Daemon Server] - 2026-02-28T23:30:45.461Z - [REQUEST]: Responding to the client. handleGetFlakyTasks
[NX v22.5.3 Daemon Server] - 2026-02-28T23:30:45.461Z - Done responding to the client handleGetFlakyTasks
[NX v22.5.3 Daemon Server] - 2026-02-28T23:30:45.461Z - Handled json message GET_FLAKY_TASKS. Handling time: 0. Response time: 0.
[NX v22.5.3 Daemon Client] - 2026-02-28T23:30:45.461Z - [Messenger] Received message, length: 2
[NX v22.5.3 Daemon Client] - 2026-02-28T23:30:45.462Z - [Messenger] Sending message type: POST_TASKS_EXECUTION
[NX v22.5.3 Daemon Client] - 2026-02-28T23:30:45.462Z - [Messenger] Message sent
[NX v22.5.3 Daemon Server] - 2026-02-28T23:30:45.462Z - Received raw message of length 8545
[NX v22.5.3 Daemon Server] - 2026-02-28T23:30:45.462Z - Received json message of type POST_TASKS_EXECUTION
[NX v22.5.3 Daemon Server] - 2026-02-28T23:30:45.462Z - Serializing response for POST_TASKS_EXECUTION message in json mode
[NX v22.5.3 Daemon Server] - 2026-02-28T23:30:45.462Z - Responding to POST_TASKS_EXECUTION message
[NX v22.5.3 Daemon Server] - 2026-02-28T23:30:45.462Z - [REQUEST]: Responding to the client. handleRunPostTasksExecution
[NX v22.5.3 Daemon Server] - 2026-02-28T23:30:45.462Z - Done responding to the client handleRunPostTasksExecution
[NX v22.5.3 Daemon Server] - 2026-02-28T23:30:45.462Z - Handled json message POST_TASKS_EXECUTION. Handling time: 0. Response time: 0.
[NX v22.5.3 Daemon Client] - 2026-02-28T23:30:45.462Z - [Messenger] Received message, length: 4
[NX v22.5.3 Daemon Server] - 2026-02-28T23:30:45.462Z - Time taken for 'postTasksExecution' 0.11070900000049733ms
[NX v22.5.3 Daemon Server] - 2026-02-28T23:30:45.465Z - Closed a connection. Number of open connections: 2
[NX v22.5.3 Daemon Server] - 2026-02-28T23:30:45.482Z - [WATCHER]: Processing file changes in outputs
[NX v22.5.3 Daemon Server] - 2026-02-28T23:31:03.664Z - [WATCHER]: apps/mobile-travel-e2e/src/example.spec.ts was modified
[NX v22.5.3 Daemon Server] - 2026-02-28T23:31:03.664Z - [SYNC]: clearing sync generators cache due to file changes
[NX v22.5.3 Daemon Server] - 2026-02-28T23:31:03.664Z - [WATCHER]: Processing file changes in outputs
[NX v22.5.3 Daemon Server] - 2026-02-28T23:31:03.766Z - [REQUEST]: Updated workspace context based on watched changes, recomputing project graph...
[NX v22.5.3 Daemon Server] - 2026-02-28T23:31:03.766Z - [REQUEST]: apps/mobile-travel-e2e/src/example.spec.ts
[NX v22.5.3 Daemon Server] - 2026-02-28T23:31:03.766Z - [REQUEST]: 
[NX v22.5.3 Daemon Server] - 2026-02-28T23:31:03.770Z - Time taken for 'hash changed files from watcher' 0.13266699999803677ms
Time for 'plugin worker 86883 code loading' 6.558917000000001
Time for 'plugin worker 86882 code loading' 4.617708
[NX v22.5.3 Daemon Server] - 2026-02-28T23:31:03.832Z - Time taken for 'start-plugin-worker:@nx/playwright/plugin' 65.10662500000035ms
Time for 'plugin worker 86886 code loading' 5.552250000000003
[NX v22.5.3 Daemon Server] - 2026-02-28T23:31:03.833Z - Time taken for 'start-plugin-worker:nx/core/package-json' 63.10433299999568ms
Time for 'plugin worker 86884 code loading' 6.502790999999998
Time for 'plugin worker 86885 code loading' 6.061583000000001
Time for 'nx/js/dependencies-and-lockfile:createNodes' 0.4097500000000025
[NX v22.5.3 Daemon Server] - 2026-02-28T23:31:04.002Z - Established a connection. Number of open connections: 3
[NX v22.5.3 Daemon Server] - 2026-02-28T23:31:04.002Z - Established a connection. Number of open connections: 4
[NX v22.5.3 Daemon Server] - 2026-02-28T23:31:04.003Z - Closed a connection. Number of open connections: 3
[NX v22.5.3 Daemon Server] - 2026-02-28T23:31:04.003Z - Closed a connection. Number of open connections: 2
[NX v22.5.3 Daemon Server] - 2026-02-28T23:31:04.003Z - Established a connection. Number of open connections: 3
[NX v22.5.3 Daemon Server] - 2026-02-28T23:31:04.003Z - Established a connection. Number of open connections: 4
[NX v22.5.3 Daemon Client] - 2026-02-28T23:31:04.003Z - [Messenger] Setting up socket listeners
[NX v22.5.3 Daemon Client] - 2026-02-28T23:31:04.003Z - [Messenger] Setting up socket listeners
[NX v22.5.3 Daemon Client] - 2026-02-28T23:31:04.004Z - [Messenger] listen() complete
[NX v22.5.3 Daemon Client] - 2026-02-28T23:31:04.004Z - [Messenger] listen() complete
[NX v22.5.3 Daemon Client] - 2026-02-28T23:31:04.004Z - [Messenger] Sending message type: GLOB
[NX v22.5.3 Daemon Client] - 2026-02-28T23:31:04.004Z - [Messenger] Sending message type: HASH_GLOB
[NX v22.5.3 Daemon Client] - 2026-02-28T23:31:04.004Z - [Messenger] Message sent
[NX v22.5.3 Daemon Client] - 2026-02-28T23:31:04.004Z - [Messenger] Message sent
Time for 'daemon-message-serialization-GLOB' 0.0463749999999834
Time for 'daemon-message-serialization-HASH_GLOB' 0.04733299999998053
[NX v22.5.3 Daemon Server] - 2026-02-28T23:31:04.012Z - Received raw message of length 73
[NX v22.5.3 Daemon Server] - 2026-02-28T23:31:04.012Z - Received json message of type GLOB
[NX v22.5.3 Daemon Server] - 2026-02-28T23:31:04.012Z - Serializing response for GLOB message in json mode
[NX v22.5.3 Daemon Server] - 2026-02-28T23:31:04.012Z - Responding to GLOB message
[NX v22.5.3 Daemon Server] - 2026-02-28T23:31:04.012Z - [REQUEST]: Responding to the client. handleGlob
[NX v22.5.3 Daemon Server] - 2026-02-28T23:31:04.012Z - Done responding to the client handleGlob
[NX v22.5.3 Daemon Server] - 2026-02-28T23:31:04.012Z - Handled json message GLOB. Handling time: 0. Response time: 0.
[NX v22.5.3 Daemon Server] - 2026-02-28T23:31:04.012Z - Received raw message of length 80
[NX v22.5.3 Daemon Server] - 2026-02-28T23:31:04.012Z - Received json message of type HASH_GLOB
[NX v22.5.3 Daemon Server] - 2026-02-28T23:31:04.012Z - Serializing response for HASH_GLOB message in json mode
[NX v22.5.3 Daemon Server] - 2026-02-28T23:31:04.012Z - Responding to HASH_GLOB message
[NX v22.5.3 Daemon Server] - 2026-02-28T23:31:04.012Z - [REQUEST]: Responding to the client. handleHashGlob
[NX v22.5.3 Daemon Server] - 2026-02-28T23:31:04.012Z - Done responding to the client handleHashGlob
[NX v22.5.3 Daemon Server] - 2026-02-28T23:31:04.012Z - Handled json message HASH_GLOB. Handling time: 0. Response time: 0.
[NX v22.5.3 Daemon Client] - 2026-02-28T23:31:04.013Z - [Messenger] Received message, length: 3588
[NX v22.5.3 Daemon Client] - 2026-02-28T23:31:04.013Z - [Messenger] Received message, length: 21
[NX v22.5.3 Daemon Client] - 2026-02-28T23:31:04.014Z - [Messenger] Sending message type: HASH_MULTI_GLOB
[NX v22.5.3 Daemon Client] - 2026-02-28T23:31:04.015Z - [Messenger] Message sent
[NX v22.5.3 Daemon Server] - 2026-02-28T23:31:04.015Z - Received raw message of length 889
[NX v22.5.3 Daemon Server] - 2026-02-28T23:31:04.015Z - Received json message of type HASH_MULTI_GLOB
[NX v22.5.3 Daemon Server] - 2026-02-28T23:31:04.015Z - Serializing response for HASH_GLOB message in json mode
[NX v22.5.3 Daemon Server] - 2026-02-28T23:31:04.015Z - Responding to HASH_GLOB message
[NX v22.5.3 Daemon Server] - 2026-02-28T23:31:04.015Z - [REQUEST]: Responding to the client. handleHashMultiGlob
[NX v22.5.3 Daemon Server] - 2026-02-28T23:31:04.015Z - Done responding to the client handleHashMultiGlob
[NX v22.5.3 Daemon Server] - 2026-02-28T23:31:04.015Z - Handled json message HASH_GLOB. Handling time: 0. Response time: 0.
[NX v22.5.3 Daemon Client] - 2026-02-28T23:31:04.015Z - [Messenger] Received message, length: 180
Time for 'GLOB round trip' 9.886791000000017
Time for 'deserialize daemon response - GLOB' 0.1135409999999979
Time for 'daemon-message-serialization-HASH_MULTI_GLOB' 0.01762500000000955
Time for 'HASH_MULTI_GLOB round trip' 1.1147080000000074
Time for 'deserialize daemon response - HASH_MULTI_GLOB' 0.009208000000000993
[NX v22.5.3 Daemon Server] - 2026-02-28T23:31:04.481Z - Closed a connection. Number of open connections: 3
[NX v22.5.3 Daemon Client] - 2026-02-28T23:31:04.569Z - [Messenger] Sending message type: GET_FILES_IN_DIRECTORY
[NX v22.5.3 Daemon Client] - 2026-02-28T23:31:04.569Z - [Messenger] Message sent
[NX v22.5.3 Daemon Server] - 2026-02-28T23:31:04.569Z - Received raw message of length 68
[NX v22.5.3 Daemon Server] - 2026-02-28T23:31:04.569Z - Received json message of type GET_FILES_IN_DIRECTORY
[NX v22.5.3 Daemon Server] - 2026-02-28T23:31:04.569Z - Serializing response for GET_FILES_IN_DIRECTORY message in json mode
[NX v22.5.3 Daemon Server] - 2026-02-28T23:31:04.569Z - Responding to GET_FILES_IN_DIRECTORY message
[NX v22.5.3 Daemon Server] - 2026-02-28T23:31:04.569Z - [REQUEST]: Responding to the client. handleNxWorkspaceFiles
[NX v22.5.3 Daemon Server] - 2026-02-28T23:31:04.569Z - Done responding to the client handleNxWorkspaceFiles
[NX v22.5.3 Daemon Server] - 2026-02-28T23:31:04.569Z - Handled json message GET_FILES_IN_DIRECTORY. Handling time: 0. Response time: 0.
Time for 'HASH_GLOB round trip' 9.753416000000016
Time for 'deserialize daemon response - HASH_GLOB' 0.05462500000001569
Time for 'daemon-message-serialization-GET_FILES_IN_DIRECTORY' 0.010416999999961263
[NX v22.5.3 Daemon Client] - 2026-02-28T23:31:04.570Z - [Messenger] Received message, length: 46
[NX v22.5.3 Daemon Server] - 2026-02-28T23:31:04.573Z - Time taken for 'build-project-configs' 806.1677919999929ms
[NX v22.5.3 Daemon Server] - 2026-02-28T23:31:04.579Z - Closed a connection. Number of open connections: 2
[NX v22.5.3 Daemon Server] - 2026-02-28T23:31:04.678Z - [SYNC]: collect registered sync generators
[NX v22.5.3 Daemon Server] - 2026-02-28T23:31:04.678Z - [SYNC]: project graph hash is the same, not collecting task sync generators
[NX v22.5.3 Daemon Server] - 2026-02-28T23:31:04.678Z - [SYNC]: nx.json hash is the same, not collecting global sync generators
[NX v22.5.3 Daemon Server] - 2026-02-28T23:31:04.678Z - Time taken for 'total execution time for createProjectGraph()' 105.33120799998869ms
[NX v22.5.3 Daemon Server] - 2026-02-28T23:31:06.918Z - Established a connection. Number of open connections: 3
[NX v22.5.3 Daemon Server] - 2026-02-28T23:31:06.919Z - Closed a connection. Number of open connections: 2
[NX v22.5.3 Daemon Server] - 2026-02-28T23:31:06.919Z - Established a connection. Number of open connections: 3
[NX v22.5.3 Daemon Server] - 2026-02-28T23:31:06.919Z - Closed a connection. Number of open connections: 2
[NX v22.5.3 Daemon Server] - 2026-02-28T23:31:06.919Z - Established a connection. Number of open connections: 3
[NX v22.5.3 Daemon Client] - 2026-02-28T23:31:06.919Z - [Messenger] Setting up socket listeners
[NX v22.5.3 Daemon Client] - 2026-02-28T23:31:06.920Z - [Messenger] listen() complete
[NX v22.5.3 Daemon Client] - 2026-02-28T23:31:06.920Z - [Messenger] Sending message type: GET_NX_CONSOLE_STATUS
[NX v22.5.3 Daemon Client] - 2026-02-28T23:31:06.920Z - [Messenger] Message sent
[NX v22.5.3 Daemon Server] - 2026-02-28T23:31:06.927Z - Received raw message of length 32
[NX v22.5.3 Daemon Server] - 2026-02-28T23:31:06.927Z - Received json message of type GET_NX_CONSOLE_STATUS
[NX v22.5.3 Daemon Server] - 2026-02-28T23:31:06.927Z - Serializing response for GET_NX_CONSOLE_STATUS message in json mode
[NX v22.5.3 Daemon Server] - 2026-02-28T23:31:06.927Z - Responding to GET_NX_CONSOLE_STATUS message
[NX v22.5.3 Daemon Server] - 2026-02-28T23:31:06.927Z - [REQUEST]: Responding to the client. handleGetNxConsoleStatus
[NX v22.5.3 Daemon Server] - 2026-02-28T23:31:06.927Z - Done responding to the client handleGetNxConsoleStatus
[NX v22.5.3 Daemon Server] - 2026-02-28T23:31:06.927Z - Handled json message GET_NX_CONSOLE_STATUS. Handling time: 0. Response time: 0.
[NX v22.5.3 Daemon Client] - 2026-02-28T23:31:06.928Z - [Messenger] Received message, length: 22
[NX v22.5.3 Daemon Client] - 2026-02-28T23:31:06.948Z - [Messenger] Sending message type: REQUEST_PROJECT_GRAPH
[NX v22.5.3 Daemon Client] - 2026-02-28T23:31:06.948Z - [Messenger] Message sent
[NX v22.5.3 Daemon Server] - 2026-02-28T23:31:06.948Z - Received raw message of length 32
[NX v22.5.3 Daemon Server] - 2026-02-28T23:31:06.949Z - Received json message of type REQUEST_PROJECT_GRAPH
[NX v22.5.3 Daemon Server] - 2026-02-28T23:31:06.949Z - [REQUEST]: Client Request for Project Graph Received
[NX v22.5.3 Daemon Server] - 2026-02-28T23:31:06.949Z - Reusing in-memory cached project graph because no files changed.
[NX v22.5.3 Daemon Server] - 2026-02-28T23:31:06.950Z - Wrote project graph cache to /Users/eduardovalenciaduran/Documents/projects/waypo/.nx/workspace-data/project-graph.json
[NX v22.5.3 Daemon Server] - 2026-02-28T23:31:06.950Z - Serializing response for REQUEST_PROJECT_GRAPH message in json mode
[NX v22.5.3 Daemon Server] - 2026-02-28T23:31:06.950Z - Responding to REQUEST_PROJECT_GRAPH message
[NX v22.5.3 Daemon Server] - 2026-02-28T23:31:06.950Z - [REQUEST]: Responding to the client. project-graph
[NX v22.5.3 Daemon Server] - 2026-02-28T23:31:06.950Z - Time taken for 'total for creating and serializing project graph' 1.1006250000064028ms
[NX v22.5.3 Daemon Client] - 2026-02-28T23:31:06.950Z - [Messenger] Received message, length: 23585
[NX v22.5.3 Daemon Server] - 2026-02-28T23:31:06.950Z - Done responding to the client project-graph
[NX v22.5.3 Daemon Server] - 2026-02-28T23:31:06.950Z - Handled json message REQUEST_PROJECT_GRAPH. Handling time: 1. Response time: 0.
[NX v22.5.3 Daemon Client] - 2026-02-28T23:31:06.952Z - [Messenger] Sending message type: PRE_TASKS_EXECUTION
[NX v22.5.3 Daemon Client] - 2026-02-28T23:31:06.952Z - [Messenger] Message sent
[NX v22.5.3 Daemon Server] - 2026-02-28T23:31:06.952Z - Received raw message of length 1438
[NX v22.5.3 Daemon Server] - 2026-02-28T23:31:06.952Z - Received json message of type PRE_TASKS_EXECUTION
[NX v22.5.3 Daemon Server] - 2026-02-28T23:31:06.952Z - Serializing response for PRE_TASKS_EXECUTION message in json mode
[NX v22.5.3 Daemon Server] - 2026-02-28T23:31:06.952Z - Responding to PRE_TASKS_EXECUTION message
[NX v22.5.3 Daemon Server] - 2026-02-28T23:31:06.952Z - [REQUEST]: Responding to the client. handleRunPreTasksExecution
[NX v22.5.3 Daemon Server] - 2026-02-28T23:31:06.952Z - Done responding to the client handleRunPreTasksExecution
[NX v22.5.3 Daemon Server] - 2026-02-28T23:31:06.952Z - Handled json message PRE_TASKS_EXECUTION. Handling time: 0. Response time: 0.
[NX v22.5.3 Daemon Server] - 2026-02-28T23:31:06.952Z - Time taken for 'preTasksExecution' 0.09875000000465661ms
[NX v22.5.3 Daemon Client] - 2026-02-28T23:31:06.953Z - [Messenger] Received message, length: 2
[NX v22.5.3 Daemon Client] - 2026-02-28T23:31:06.981Z - [Messenger] Sending message type: HASH_TASKS
[NX v22.5.3 Daemon Server] - 2026-02-28T23:31:06.981Z - Received raw message of length 5017
[NX v22.5.3 Daemon Client] - 2026-02-28T23:31:06.981Z - [Messenger] Message sent
[NX v22.5.3 Daemon Server] - 2026-02-28T23:31:06.981Z - Received json message of type HASH_TASKS
[NX v22.5.3 Daemon Server] - 2026-02-28T23:31:06.981Z - Reusing in-memory cached project graph because no files changed.
[NX v22.5.3 Daemon Server] - 2026-02-28T23:31:06.982Z - Wrote project graph cache to /Users/eduardovalenciaduran/Documents/projects/waypo/.nx/workspace-data/project-graph.json
DEBUG nx::native::tasks::hash_planner: get_plans_internal COMPLETED in 24.25µs - processed 1 tasks (setup: 5.458µs, parallel_planning: 16.708µs)
DEBUG nx::native::tasks::hashers::hash_workspace_files: Hashing workspace fileset with inputs: Adding "2811144596835727346" (".gitignore") to hash
DEBUG nx::native::tasks::hashers::hash_workspace_files: Hashing workspace fileset with inputs: Adding "9982766513010307014" ("nx.json") to hash
DEBUG nx::native::tasks::hashers::hash_workspace_files: Hashing workspace fileset with inputs: Hash Value: "7369522509984833588"
DEBUG nx::native::tasks::task_hasher: hash_plans COMPLETED in 244.292µs - processed 1 plans (setup: 11.833µs, hashing: 231.584µs, assembly: 24.125µs)
[NX v22.5.3 Daemon Server] - 2026-02-28T23:31:06.983Z - Serializing response for HASH_TASKS message in json mode
[NX v22.5.3 Daemon Server] - 2026-02-28T23:31:06.983Z - Responding to HASH_TASKS message
[NX v22.5.3 Daemon Server] - 2026-02-28T23:31:06.983Z - [REQUEST]: Responding to the client. handleHashTasks
[NX v22.5.3 Daemon Server] - 2026-02-28T23:31:06.983Z - Done responding to the client handleHashTasks
[NX v22.5.3 Daemon Server] - 2026-02-28T23:31:06.983Z - Handled json message HASH_TASKS. Handling time: 2. Response time: 0.
[NX v22.5.3 Daemon Server] - 2026-02-28T23:31:06.983Z - Time taken for 'write cache' 0.9085000000050059ms
[NX v22.5.3 Daemon Client] - 2026-02-28T23:31:06.983Z - [Messenger] Received message, length: 5199
[NX v22.5.3 Daemon Client] - 2026-02-28T23:31:07.050Z - [Messenger] Sending message type: GET_ESTIMATED_TASK_TIMINGS
[NX v22.5.3 Daemon Client] - 2026-02-28T23:31:07.050Z - [Messenger] Message sent
[NX v22.5.3 Daemon Server] - 2026-02-28T23:31:07.050Z - Received raw message of length 96
[NX v22.5.3 Daemon Server] - 2026-02-28T23:31:07.050Z - Received json message of type GET_ESTIMATED_TASK_TIMINGS
[NX v22.5.3 Daemon Server] - 2026-02-28T23:31:07.050Z - Serializing response for GET_ESTIMATED_TASK_TIMINGS message in json mode
[NX v22.5.3 Daemon Server] - 2026-02-28T23:31:07.050Z - Responding to GET_ESTIMATED_TASK_TIMINGS message
[NX v22.5.3 Daemon Server] - 2026-02-28T23:31:07.050Z - [REQUEST]: Responding to the client. handleGetEstimatedTaskTimings
[NX v22.5.3 Daemon Server] - 2026-02-28T23:31:07.050Z - Done responding to the client handleGetEstimatedTaskTimings
[NX v22.5.3 Daemon Server] - 2026-02-28T23:31:07.050Z - Handled json message GET_ESTIMATED_TASK_TIMINGS. Handling time: 0. Response time: 0.
[NX v22.5.3 Daemon Client] - 2026-02-28T23:31:07.050Z - [Messenger] Received message, length: 2
[NX v22.5.3 Daemon Server] - 2026-02-28T23:31:08.560Z - [WATCHER]: Processing file changes in outputs
[NX v22.5.3 Daemon Server] - 2026-02-28T23:31:09.166Z - Established a connection. Number of open connections: 4
[NX v22.5.3 Daemon Server] - 2026-02-28T23:31:09.166Z - Closed a connection. Number of open connections: 3
[NX v22.5.3 Daemon Server] - 2026-02-28T23:31:09.167Z - Established a connection. Number of open connections: 4
[NX v22.5.3 Daemon Server] - 2026-02-28T23:31:09.167Z - Closed a connection. Number of open connections: 3
[NX v22.5.3 Daemon Server] - 2026-02-28T23:31:09.167Z - Established a connection. Number of open connections: 4
[NX v22.5.3 Daemon Client] - 2026-02-28T23:31:09.167Z - [Messenger] Setting up socket listeners
[NX v22.5.3 Daemon Client] - 2026-02-28T23:31:09.167Z - [Messenger] listen() complete
[NX v22.5.3 Daemon Client] - 2026-02-28T23:31:09.168Z - [Messenger] Sending message type: GET_NX_CONSOLE_STATUS
[NX v22.5.3 Daemon Client] - 2026-02-28T23:31:09.168Z - [Messenger] Message sent
[NX v22.5.3 Daemon Server] - 2026-02-28T23:31:09.176Z - Received raw message of length 32
[NX v22.5.3 Daemon Server] - 2026-02-28T23:31:09.176Z - Received json message of type GET_NX_CONSOLE_STATUS
[NX v22.5.3 Daemon Server] - 2026-02-28T23:31:09.176Z - Serializing response for GET_NX_CONSOLE_STATUS message in json mode
[NX v22.5.3 Daemon Server] - 2026-02-28T23:31:09.176Z - Responding to GET_NX_CONSOLE_STATUS message
[NX v22.5.3 Daemon Server] - 2026-02-28T23:31:09.176Z - [REQUEST]: Responding to the client. handleGetNxConsoleStatus
[NX v22.5.3 Daemon Server] - 2026-02-28T23:31:09.176Z - Done responding to the client handleGetNxConsoleStatus
[NX v22.5.3 Daemon Server] - 2026-02-28T23:31:09.176Z - Handled json message GET_NX_CONSOLE_STATUS. Handling time: 0. Response time: 0.
[NX v22.5.3 Daemon Client] - 2026-02-28T23:31:09.176Z - [Messenger] Received message, length: 22
[NX v22.5.3 Daemon Client] - 2026-02-28T23:31:09.202Z - [Messenger] Sending message type: REQUEST_PROJECT_GRAPH
[NX v22.5.3 Daemon Client] - 2026-02-28T23:31:09.202Z - [Messenger] Message sent
[NX v22.5.3 Daemon Server] - 2026-02-28T23:31:09.202Z - Received raw message of length 32
[NX v22.5.3 Daemon Server] - 2026-02-28T23:31:09.202Z - Received json message of type REQUEST_PROJECT_GRAPH
[NX v22.5.3 Daemon Server] - 2026-02-28T23:31:09.202Z - [REQUEST]: Client Request for Project Graph Received
[NX v22.5.3 Daemon Server] - 2026-02-28T23:31:09.202Z - Reusing in-memory cached project graph because no files changed.
[NX v22.5.3 Daemon Server] - 2026-02-28T23:31:09.203Z - Wrote project graph cache to /Users/eduardovalenciaduran/Documents/projects/waypo/.nx/workspace-data/project-graph.json
[NX v22.5.3 Daemon Server] - 2026-02-28T23:31:09.203Z - Serializing response for REQUEST_PROJECT_GRAPH message in json mode
[NX v22.5.3 Daemon Server] - 2026-02-28T23:31:09.203Z - Responding to REQUEST_PROJECT_GRAPH message
[NX v22.5.3 Daemon Server] - 2026-02-28T23:31:09.203Z - [REQUEST]: Responding to the client. project-graph
[NX v22.5.3 Daemon Server] - 2026-02-28T23:31:09.203Z - Time taken for 'total for creating and serializing project graph' 1.2292910000105621ms
[NX v22.5.3 Daemon Server] - 2026-02-28T23:31:09.204Z - Done responding to the client project-graph
[NX v22.5.3 Daemon Client] - 2026-02-28T23:31:09.204Z - [Messenger] Received message, length: 23585
[NX v22.5.3 Daemon Server] - 2026-02-28T23:31:09.204Z - Handled json message REQUEST_PROJECT_GRAPH. Handling time: 1. Response time: 1.
[NX v22.5.3 Daemon Client] - 2026-02-28T23:31:09.205Z - [Messenger] Sending message type: PRE_TASKS_EXECUTION
[NX v22.5.3 Daemon Client] - 2026-02-28T23:31:09.206Z - [Messenger] Message sent
[NX v22.5.3 Daemon Server] - 2026-02-28T23:31:09.206Z - Received raw message of length 1440
[NX v22.5.3 Daemon Server] - 2026-02-28T23:31:09.206Z - Received json message of type PRE_TASKS_EXECUTION
[NX v22.5.3 Daemon Server] - 2026-02-28T23:31:09.206Z - Serializing response for PRE_TASKS_EXECUTION message in json mode
[NX v22.5.3 Daemon Server] - 2026-02-28T23:31:09.206Z - Responding to PRE_TASKS_EXECUTION message
[NX v22.5.3 Daemon Server] - 2026-02-28T23:31:09.206Z - [REQUEST]: Responding to the client. handleRunPreTasksExecution
[NX v22.5.3 Daemon Server] - 2026-02-28T23:31:09.206Z - Done responding to the client handleRunPreTasksExecution
[NX v22.5.3 Daemon Server] - 2026-02-28T23:31:09.206Z - Handled json message PRE_TASKS_EXECUTION. Handling time: 0. Response time: 0.
[NX v22.5.3 Daemon Server] - 2026-02-28T23:31:09.206Z - Time taken for 'preTasksExecution' 0.10487499998998828ms
[NX v22.5.3 Daemon Client] - 2026-02-28T23:31:09.207Z - [Messenger] Received message, length: 2
[NX v22.5.3 Daemon Client] - 2026-02-28T23:31:09.232Z - [Messenger] Sending message type: HASH_TASKS
[NX v22.5.3 Daemon Client] - 2026-02-28T23:31:09.233Z - [Messenger] Message sent
[NX v22.5.3 Daemon Server] - 2026-02-28T23:31:09.233Z - Received raw message of length 5811
[NX v22.5.3 Daemon Server] - 2026-02-28T23:31:09.233Z - Received json message of type HASH_TASKS
[NX v22.5.3 Daemon Server] - 2026-02-28T23:31:09.233Z - Reusing in-memory cached project graph because no files changed.
[NX v22.5.3 Daemon Server] - 2026-02-28T23:31:09.234Z - Wrote project graph cache to /Users/eduardovalenciaduran/Documents/projects/waypo/.nx/workspace-data/project-graph.json
DEBUG nx::native::tasks::hash_planner: get_plans_internal COMPLETED in 21.459µs - processed 1 tasks (setup: 6.417µs, parallel_planning: 13.375µs)
DEBUG nx::native::tasks::hashers::hash_workspace_files: Hashing workspace fileset with inputs: Adding "2811144596835727346" (".gitignore") to hash
DEBUG nx::native::tasks::hashers::hash_workspace_files: Hashing workspace fileset with inputs: Adding "9982766513010307014" ("nx.json") to hash
DEBUG nx::native::tasks::hashers::hash_workspace_files: Hashing workspace fileset with inputs: Hash Value: "7369522509984833588"
DEBUG nx::native::tasks::task_hasher: hash_plans COMPLETED in 229.375µs - processed 1 plans (setup: 8.333µs, hashing: 220.083µs, assembly: 24.625µs)
[NX v22.5.3 Daemon Server] - 2026-02-28T23:31:09.234Z - Serializing response for HASH_TASKS message in json mode
[NX v22.5.3 Daemon Server] - 2026-02-28T23:31:09.234Z - Responding to HASH_TASKS message
[NX v22.5.3 Daemon Server] - 2026-02-28T23:31:09.234Z - [REQUEST]: Responding to the client. handleHashTasks
[NX v22.5.3 Daemon Server] - 2026-02-28T23:31:09.234Z - Done responding to the client handleHashTasks
[NX v22.5.3 Daemon Server] - 2026-02-28T23:31:09.234Z - Handled json message HASH_TASKS. Handling time: 1. Response time: 0.
[NX v22.5.3 Daemon Server] - 2026-02-28T23:31:09.234Z - Time taken for 'write cache' 0.831292000002577ms
[NX v22.5.3 Daemon Client] - 2026-02-28T23:31:09.234Z - [Messenger] Received message, length: 4882
[NX v22.5.3 Daemon Client] - 2026-02-28T23:31:09.298Z - [Messenger] Sending message type: GET_ESTIMATED_TASK_TIMINGS
[NX v22.5.3 Daemon Client] - 2026-02-28T23:31:09.298Z - [Messenger] Message sent
[NX v22.5.3 Daemon Server] - 2026-02-28T23:31:09.298Z - Received raw message of length 124
[NX v22.5.3 Daemon Server] - 2026-02-28T23:31:09.298Z - Received json message of type GET_ESTIMATED_TASK_TIMINGS
[NX v22.5.3 Daemon Server] - 2026-02-28T23:31:09.298Z - Serializing response for GET_ESTIMATED_TASK_TIMINGS message in json mode
[NX v22.5.3 Daemon Server] - 2026-02-28T23:31:09.298Z - Responding to GET_ESTIMATED_TASK_TIMINGS message
[NX v22.5.3 Daemon Server] - 2026-02-28T23:31:09.298Z - [REQUEST]: Responding to the client. handleGetEstimatedTaskTimings
[NX v22.5.3 Daemon Server] - 2026-02-28T23:31:09.298Z - Done responding to the client handleGetEstimatedTaskTimings
[NX v22.5.3 Daemon Server] - 2026-02-28T23:31:09.298Z - Handled json message GET_ESTIMATED_TASK_TIMINGS. Handling time: 0. Response time: 0.
[NX v22.5.3 Daemon Client] - 2026-02-28T23:31:09.298Z - [Messenger] Received message, length: 2
[NX v22.5.3 Daemon Server] - 2026-02-28T23:31:09.679Z - Established a connection. Number of open connections: 5
[NX v22.5.3 Daemon Server] - 2026-02-28T23:31:09.679Z - Closed a connection. Number of open connections: 4
[NX v22.5.3 Daemon Server] - 2026-02-28T23:31:09.679Z - Established a connection. Number of open connections: 5
[NX v22.5.3 Daemon Client] - 2026-02-28T23:31:09.679Z - [Messenger] Setting up socket listeners
[NX v22.5.3 Daemon Client] - 2026-02-28T23:31:09.680Z - [Messenger] listen() complete
[NX v22.5.3 Daemon Client] - 2026-02-28T23:31:09.680Z - [Messenger] Sending message type: REQUEST_PROJECT_GRAPH
[NX v22.5.3 Daemon Client] - 2026-02-28T23:31:09.680Z - [Messenger] Message sent
[NX v22.5.3 Daemon Server] - 2026-02-28T23:31:09.687Z - Received raw message of length 32
[NX v22.5.3 Daemon Server] - 2026-02-28T23:31:09.687Z - Received json message of type REQUEST_PROJECT_GRAPH
[NX v22.5.3 Daemon Server] - 2026-02-28T23:31:09.687Z - [REQUEST]: Client Request for Project Graph Received
[NX v22.5.3 Daemon Server] - 2026-02-28T23:31:09.687Z - Reusing in-memory cached project graph because no files changed.
[NX v22.5.3 Daemon Server] - 2026-02-28T23:31:09.688Z - Wrote project graph cache to /Users/eduardovalenciaduran/Documents/projects/waypo/.nx/workspace-data/project-graph.json
[NX v22.5.3 Daemon Server] - 2026-02-28T23:31:09.688Z - Serializing response for REQUEST_PROJECT_GRAPH message in json mode
[NX v22.5.3 Daemon Server] - 2026-02-28T23:31:09.688Z - Responding to REQUEST_PROJECT_GRAPH message
[NX v22.5.3 Daemon Server] - 2026-02-28T23:31:09.688Z - [REQUEST]: Responding to the client. project-graph
[NX v22.5.3 Daemon Server] - 2026-02-28T23:31:09.688Z - Time taken for 'total for creating and serializing project graph' 1.0847499999945285ms
[NX v22.5.3 Daemon Server] - 2026-02-28T23:31:09.689Z - Done responding to the client project-graph
[NX v22.5.3 Daemon Server] - 2026-02-28T23:31:09.689Z - Handled json message REQUEST_PROJECT_GRAPH. Handling time: 1. Response time: 1.
[NX v22.5.3 Daemon Client] - 2026-02-28T23:31:09.689Z - [Messenger] Received message, length: 23585
[NX v22.5.3 Daemon Server] - 2026-02-28T23:31:11.251Z - [WATCHER]: Processing file changes in outputs
[NX v22.5.3 Daemon Server] - 2026-02-28T23:31:24.797Z - [WATCHER]: Processing file changes in outputs
[NX v22.5.3 Daemon Server] - 2026-02-28T23:31:25.271Z - [WATCHER]: Processing file changes in outputs
[NX v22.5.3 Daemon Server] - 2026-02-28T23:31:26.193Z - [WATCHER]: Processing file changes in outputs
[NX v22.5.3 Daemon Server] - 2026-02-28T23:31:50.443Z - [WATCHER]: Processing file changes in outputs
[NX v22.5.3 Daemon Server] - 2026-02-28T23:32:09.389Z - Closed a connection. Number of open connections: 4
[NX v22.5.3 Daemon Server] - 2026-02-28T23:32:09.407Z - Closed a connection. Number of open connections: 3
[NX v22.5.3 Daemon Client] - 2026-02-28T23:32:09.421Z - [Messenger] Sending message type: RECORD_OUTPUTS_HASH
[NX v22.5.3 Daemon Client] - 2026-02-28T23:32:09.421Z - [Messenger] Message sent
[NX v22.5.3 Daemon Server] - 2026-02-28T23:32:09.421Z - Received raw message of length 123
[NX v22.5.3 Daemon Server] - 2026-02-28T23:32:09.421Z - Received json message of type RECORD_OUTPUTS_HASH
[NX v22.5.3 Daemon Server] - 2026-02-28T23:32:09.424Z - Serializing response for RECORD_OUTPUTS_HASH message in json mode
[NX v22.5.3 Daemon Server] - 2026-02-28T23:32:09.424Z - Responding to RECORD_OUTPUTS_HASH message
[NX v22.5.3 Daemon Server] - 2026-02-28T23:32:09.424Z - [REQUEST]: Responding to the client. recordOutputsHash
[NX v22.5.3 Daemon Server] - 2026-02-28T23:32:09.424Z - Done responding to the client recordOutputsHash
[NX v22.5.3 Daemon Server] - 2026-02-28T23:32:09.424Z - Handled json message RECORD_OUTPUTS_HASH. Handling time: 3. Response time: 0.
[NX v22.5.3 Daemon Client] - 2026-02-28T23:32:09.424Z - [Messenger] Received message, length: 2
[NX v22.5.3 Daemon Client] - 2026-02-28T23:32:09.427Z - [Messenger] Sending message type: RECORD_TASK_RUNS
[NX v22.5.3 Daemon Client] - 2026-02-28T23:32:09.427Z - [Messenger] Message sent
[NX v22.5.3 Daemon Server] - 2026-02-28T23:32:09.427Z - Received raw message of length 216
[NX v22.5.3 Daemon Server] - 2026-02-28T23:32:09.427Z - Received json message of type RECORD_TASK_RUNS
[NX v22.5.3 Daemon Server] - 2026-02-28T23:32:09.428Z - Serializing response for RECORD_TASK_RUNS message in json mode
[NX v22.5.3 Daemon Server] - 2026-02-28T23:32:09.428Z - Responding to RECORD_TASK_RUNS message
[NX v22.5.3 Daemon Server] - 2026-02-28T23:32:09.428Z - [REQUEST]: Responding to the client. handleRecordTaskRuns
[NX v22.5.3 Daemon Server] - 2026-02-28T23:32:09.428Z - Done responding to the client handleRecordTaskRuns
[NX v22.5.3 Daemon Server] - 2026-02-28T23:32:09.428Z - Handled json message RECORD_TASK_RUNS. Handling time: 1. Response time: 0.
[NX v22.5.3 Daemon Client] - 2026-02-28T23:32:09.428Z - [Messenger] Received message, length: 4
[NX v22.5.3 Daemon Client] - 2026-02-28T23:32:09.428Z - [Messenger] Sending message type: POST_TASKS_EXECUTION
[NX v22.5.3 Daemon Client] - 2026-02-28T23:32:09.429Z - [Messenger] Message sent
[NX v22.5.3 Daemon Server] - 2026-02-28T23:32:09.429Z - Received raw message of length 20324
[NX v22.5.3 Daemon Server] - 2026-02-28T23:32:09.429Z - Received json message of type POST_TASKS_EXECUTION
[NX v22.5.3 Daemon Server] - 2026-02-28T23:32:09.429Z - Serializing response for POST_TASKS_EXECUTION message in json mode
[NX v22.5.3 Daemon Server] - 2026-02-28T23:32:09.429Z - Responding to POST_TASKS_EXECUTION message
[NX v22.5.3 Daemon Server] - 2026-02-28T23:32:09.429Z - [REQUEST]: Responding to the client. handleRunPostTasksExecution
[NX v22.5.3 Daemon Server] - 2026-02-28T23:32:09.429Z - Done responding to the client handleRunPostTasksExecution
[NX v22.5.3 Daemon Server] - 2026-02-28T23:32:09.429Z - Handled json message POST_TASKS_EXECUTION. Handling time: 0. Response time: 0.
[NX v22.5.3 Daemon Client] - 2026-02-28T23:32:09.429Z - [Messenger] Received message, length: 4
[NX v22.5.3 Daemon Server] - 2026-02-28T23:32:09.429Z - Time taken for 'postTasksExecution' 0.1063750000030268ms
[NX v22.5.3 Daemon Server] - 2026-02-28T23:32:09.432Z - Closed a connection. Number of open connections: 2
[NX v22.5.3 Daemon Server] - 2026-02-28T23:32:09.449Z - [WATCHER]: Processing file changes in outputs
